Starting smtp-user-enum v1.2 ( http://pentestmonkey.net/tools/smtp-user-enum )

 ----------------------------------------------------------
|                   Scan Information                       |
 ----------------------------------------------------------

Mode ..................... VRFY
Worker Processes ......... 5
Usernames file ........... potential-email-addr.txt
Target count ............. 1
Username count ........... 32
Target TCP port .......... 25
Query timeout ............ 5 secs
Target domain ............ 

######## Scan started at Sun Oct 22 12:21:24 2023 #########
192.168.173.137: mike.ross@postfish.off exists
192.168.173.137: claire.madison@postfish.off exists
192.168.173.137: brian.moore@postfish.off exists
192.168.173.137: sarah.lorem@postfish.off exists
######## Scan completed at Sun Oct 22 12:21:26 2023 #########
4 results.

32 queries in 2 seconds (16.0 queries / sec)
