net start
These Windows services are started:

   Application Host Helper Service
   Background Tasks Infrastructure Service
   Base Filtering Engine
   CNG Key Isolation
   COM+ Event System
   COM+ System Application
   Connected Devices Platform Service
   Connected User Experiences and Telemetry
   CoreMessaging
   Credential Manager
   Cryptographic Services
   Data Sharing Service
   DCOM Server Process Launcher
   Device Setup Manager
   DHCP Client
   Diagnostic Policy Service
   Distributed Link Tracking Client
   Distributed Transaction Coordinator
   DNS Client
   Group Policy Client
   IP Helper
   IPsec Policy Agent
   Local Session Manager
   Network Connection Broker
   Network List Service
   Network Location Awareness
   Network Store Interface Service
   Plug and Play
   Power
   Program Compatibility Assistant Service
   Remote Access Connection Manager
   Remote Procedure Call (RPC)
   RPC Endpoint Mapper
   Secondary Logon
   Secure Socket Tunneling Protocol Service
   Security Accounts Manager
   Server
   Shell Hardware Detection
   State Repository Service
   SysMain
   System Event Notification Service
   System Events Broker
   Task Scheduler
   TCP/IP NetBIOS Helper
   Telephony
   Themes
   Time Broker
   Update Orchestrator Service
   User Access Logging Service
   User Manager
   User Profile Service
   VMware Alias Manager and Ticket Service
   VMware SVGA Helper Service
   VMware Tools
   Windows Connection Manager
   Windows Defender Firewall
   Windows Event Log
   Windows Font Cache Service
   Windows License Manager Service
   Windows Management Instrumentation
   Windows Process Activation Service
   Windows Push Notifications System Service
   Windows Remote Management (WS-Management)
   Windows Time
   WinHTTP Web Proxy Auto-Discovery Service
   Workstation
   World Wide Web Publishing Service

The command completed successfully.


