Starting enum4linux v0.9.1 ( http://labs.portcullis.co.uk/application/enum4linux/ ) on Tue Nov  7 12:28:49 2023

[34m =========================================( [0m[32mTarget Information[0m[34m )=========================================

[0mTarget ........... 192.168.171.119
RID Range ........ 500-550,1000-1050
Username ......... ''
Password ......... ''
Known Usernames .. administrator, guest, krbtgt, domain admins, root, bin, none


[34m ==========================( [0m[32mEnumerating Workgroup/Domain on 192.168.171.119[0m[34m )==========================

[0m[33m
[V] [0m[35mDependent program "nmblookup" found in /usr/bin/nmblookup

[0m[33m
[V] [0m[35mDependent program "net" found in /usr/bin/net

[0m[33m
[V] [0m[35mDependent program "rpcclient" found in /usr/bin/rpcclient

[0m[33m
[V] [0m[35mDependent program "smbclient" found in /usr/bin/smbclient

[0m[33m
[V] [0m[35mDependent program "polenum" found in /usr/bin/polenum

[0m[33m
[V] [0m[35mDependent program "ldapsearch" found in /usr/bin/ldapsearch

[0mStarting enum4linux v0.9.1 ( http://labs.portcullis.co.uk/application/enum4linux/ ) on Tue Nov  7 12:29:26 2023

[34m =========================================( [0m[32mTarget Information[0m[34m )=========================================

[0mTarget ........... 192.168.171.119
RID Range ........ 500-550,1000-1050
Username ......... ''
Password ......... ''
Known Usernames .. administrator, guest, krbtgt, domain admins, root, bin, none


[34m ==========================( [0m[32mEnumerating Workgroup/Domain on 192.168.171.119[0m[34m )==========================

[0m[33m
[V] [0m[35mAttempting to get domain name with command: nmblookup -A '192.168.171.119'

[0m[33m
[E] [0m[31mCan't find workgroup/domain

[0m

[34m ==============================( [0m[32mNbtstat Information for 192.168.171.119[0m[34m )==============================

[0mLooking up status of 192.168.171.119
No reply from 192.168.171.119

[34m ==================================( [0m[32mSession Check on 192.168.171.119[0m[34m )==================================

[0m[33m
[V] [0m[35mAttempting to make null session using command: smbclient -W 'WORKGROUP' //'192.168.171.119'/ipc$ -U''%'' -c 'help' 2>&1

[0m[33m
[E] [0m[31mServer doesn't allow session using username '', password ''.  Aborting remainder of tests.

[0m