Windows Exploit Suggester 1.03 ( https://github.com/bitsadmin/wesng/ )
[+] Parsing systeminfo output
[+] Operating System
    - Name: Windows Server 2008 for 32-bit Systems
    - Generation: 2008
    - Build: 6001
    - Version: None
    - Architecture: 32-bit
    - Installed hotfixes: None
[+] Loading definitions
    - Creation date of definitions: 20230920
[+] Determining missing patches
[+] Filtering duplicate vulnerabilities
[!] Found vulnerabilities!

Date: 20090210
CVE: CVE-2009-0075
KB: KB961260
Title: Cumulative Security Update for Internet Explorer (961260)
Affected product: Windows Server 2008 for 32-bit Systems
Affected component: Windows Internet Explorer 7
Severity: Critical
Impact: Remote Code Execution
Exploits: https://www.exploit-db.com/exploits/8082, https://www.exploit-db.com/exploits/8080, https://www.exploit-db.com/exploits/8079, https://www.exploit-db.com/exploits/8077

Date: 20100928
CVE: CVE-2010-3332
KB: KB2418240
Title: Vulnerability in ASP.NET Could Allow Information Disclosure
Affected product: Windows Server 2008 for 32-bit Systems
Affected component: Microsoft .NET Framework 3.5
Severity: Important
Impact: Information Disclosure
Exploits: http://www.troyhunt.com/2010/09/fear-uncertainty-and-and-padding-oracle.html, http://www.mono-project.com/Vulnerabilities#ASP.NET_Padding_Oracle

Date: 20100928
CVE: CVE-2010-3332
KB: KB2416473
Title: Vulnerability in ASP.NET Could Allow Information Disclosure
Affected product: Windows Server 2008 for 32-bit Systems
Affected component: Microsoft .NET Framework 3.5 Service Pack 1
Severity: Important
Impact: Information Disclosure
Exploits: http://www.troyhunt.com/2010/09/fear-uncertainty-and-and-padding-oracle.html, http://www.mono-project.com/Vulnerabilities#ASP.NET_Padding_Oracle

Date: 20100928
CVE: CVE-2010-3332
KB: KB2416472
Title: Vulnerability in ASP.NET Could Allow Information Disclosure
Affected product: Windows Server 2008 for 32-bit Systems
Affected component: Microsoft .NET Framework 4
Severity: Important
Impact: Information Disclosure
Exploits: http://www.troyhunt.com/2010/09/fear-uncertainty-and-and-padding-oracle.html, http://www.mono-project.com/Vulnerabilities#ASP.NET_Padding_Oracle

Date: 20100928
CVE: CVE-2010-3332
KB: KB2416447
Title: Vulnerability in ASP.NET Could Allow Information Disclosure
Affected product: Windows Server 2008 for 32-bit Systems
Affected component: Microsoft .NET Framework 1.1 Service Pack 1
Severity: Important
Impact: Information Disclosure
Exploits: http://www.troyhunt.com/2010/09/fear-uncertainty-and-and-padding-oracle.html, http://www.mono-project.com/Vulnerabilities#ASP.NET_Padding_Oracle

Date: 20100928
CVE: CVE-2010-3332
KB: KB2416469
Title: Vulnerability in ASP.NET Could Allow Information Disclosure
Affected product: Windows Server 2008 for 32-bit Systems
Affected component: Microsoft .NET Framework 2.0 Service Pack 1
Severity: Important
Impact: Information Disclosure
Exploits: http://www.troyhunt.com/2010/09/fear-uncertainty-and-and-padding-oracle.html, http://www.mono-project.com/Vulnerabilities#ASP.NET_Padding_Oracle

Date: 20100928
CVE: CVE-2010-3332
KB: KB2416469
Title: Vulnerability in ASP.NET Could Allow Information Disclosure
Affected product: Windows Server 2008 for 32-bit Systems
Affected component: Microsoft .NET Framework 3.5
Severity: Important
Impact: Information Disclosure
Exploits: http://www.troyhunt.com/2010/09/fear-uncertainty-and-and-padding-oracle.html, http://www.mono-project.com/Vulnerabilities#ASP.NET_Padding_Oracle

Date: 20100928
CVE: CVE-2010-3332
KB: KB2416474
Title: Vulnerability in ASP.NET Could Allow Information Disclosure
Affected product: Windows Server 2008 for 32-bit Systems
Affected component: Microsoft .NET Framework 2.0 Service Pack 2
Severity: Important
Impact: Information Disclosure
Exploits: http://www.troyhunt.com/2010/09/fear-uncertainty-and-and-padding-oracle.html, http://www.mono-project.com/Vulnerabilities#ASP.NET_Padding_Oracle

Date: 20100928
CVE: CVE-2010-3332
KB: KB2416474
Title: Vulnerability in ASP.NET Could Allow Information Disclosure
Affected product: Windows Server 2008 for 32-bit Systems
Affected component: Microsoft .NET Framework 3.5 Service Pack 1
Severity: Important
Impact: Information Disclosure
Exploits: http://www.troyhunt.com/2010/09/fear-uncertainty-and-and-padding-oracle.html, http://www.mono-project.com/Vulnerabilities#ASP.NET_Padding_Oracle

Date: 20090811
CVE: CVE-2009-1536
KB: KB972594
Title: Vulnerability in ASP.NET in Microsoft Windows Could Allow Denial of Service
Affected product: Windows Server 2008 for 32-bit Systems
Affected component: Microsoft .NET Framework 3.5 Service Pack 1
Severity: Important
Impact: Denial of Service
Exploit: n/a

Date: 20100914
CVE: CVE-2010-0818
KB: KB975558
Title: Vulnerability in MPEG-4 Codec Could Allow Remote Code Execution
Affected product: Windows Server 2008 for 32-bit Systems
Affected component: 
Severity: Critical
Impact: Remote Code Execution
Exploit: n/a

Date: 20091013
CVE: CVE-2009-2521
KB: KB975254
Title: Vulnerabilities in FTP Service for Internet Information Services Could Allow Remote Code Execution
Affected product: Windows Server 2008 for 32-bit Systems
Affected component: Microsoft Internet Information Services 7.0
Severity: Important
Impact: Remote Code Execution
Exploit: n/a

Date: 20110614
CVE: CVE-2011-1894
KB: KB2544893
Title: Vulnerability in MHTML Could Allow Information Disclosure
Affected product: Windows Server 2008 for 32-bit Systems
Affected component: 
Severity: Important
Impact: Information Disclosure
Exploit: n/a

Date: 20090310
CVE: CVE-2009-0093
KB: KB961063
Title: Vulnerabilities in DNS and WINS Server Could Allow Spoofing
Affected product: Windows Server 2008 for 32-bit Systems
Affected component: DNS Server
Severity: Important
Impact: Spoofing
Exploit: n/a

Date: 20100413
CVE: CVE-2010-0480
KB: KB977816
Title: Vulnerability in Microsoft MPEG Layer-3 Codecs Could Allow Remote Code Execution
Affected product: Windows Server 2008 for 32-bit Systems
Affected component: MPEG Layer-3 codecs
Severity: Critical
Impact: Remote Code Execution
Exploit: n/a

Date: 20101214
CVE: CVE-2010-3147
KB: KB2423089
Title: Vulnerability in Windows Address Book Could Allow Remote Code Execution
Affected product: Windows Server 2008 for 32-bit Systems
Affected component: 
Severity: Important
Impact: Remote Code Execution
Exploits: http://www.exploit-db.com/exploits/14745/, http://www.attackvector.org/new-dll-hijacking-exploits-many/

Date: 20090811
CVE: CVE-2009-1546
KB: KB971557
Title: Vulnerabilities in Windows Media File Processing Could Allow Remote Code Execution
Affected product: Windows Server 2008 for 32-bit Systems
Affected component: 
Severity: Critical
Impact: Remote Code Execution
Exploit: n/a

Date: 20110614
CVE: CVE-2011-1256
KB: KB2530548
Title: Cumulative Security Update for Internet Explorer
Affected product: Windows Server 2008 for 32-bit Systems
Affected component: Windows Internet Explorer 7
Severity: Critical
Impact: Remote Code Execution
Exploit: n/a

Date: 20110614
CVE: CVE-2011-1256
KB: KB2530548
Title: Cumulative Security Update for Internet Explorer
Affected product: Windows Server 2008 for 32-bit Systems
Affected component: Windows Internet Explorer 8
Severity: Critical
Impact: Remote Code Execution
Exploit: n/a

Date: 20101012
CVE: CVE-2010-1263
KB: KB979687
Title: Vulnerability in COM Validation in Windows Shell and WordPad Could Allow Remote Code Execution
Affected product: Windows Server 2008 for 32-bit Systems
Affected component: WordPad
Severity: Important
Impact: Remote Code Execution
Exploit: n/a

Date: 20101012
CVE: CVE-2010-1263
KB: KB979688
Title: Vulnerability in COM Validation in Windows Shell and WordPad Could Allow Remote Code Execution
Affected product: Windows Server 2008 for 32-bit Systems
Affected component: Windows Shell
Severity: Important
Impact: Remote Code Execution
Exploit: n/a

Date: 20110614
CVE: CVE-2011-1869
KB: KB2535512
Title: Vulnerabilities in Distributed File System Could Allow Remote Code Execution
Affected product: Windows Server 2008 for 32-bit Systems
Affected component: 
Severity: Critical
Impact: Remote Code Execution
Exploit: n/a

Date: 20160726
CVE: CVE-2016-0152
KB: KB3141083
Title: Windows DLL Loading Remote Code Execution Vulnerability
Affected product: Windows Server 2008 for 32-bit Systems (Server Core installation)
Affected component: Windows IIS
Severity: Important
Impact: Remote Code Execution
Exploit: n/a

Date: 20100914
CVE: CVE-2010-2729
KB: KB2347290
Title: Vulnerability in Print Spooler Service Could Allow Remote Code Execution
Affected product: Windows Server 2008 for 32-bit Systems
Affected component: 
Severity: Critical
Impact: Remote Code Execution
Exploit: n/a

Date: 20090609
CVE: CVE-2009-0228
KB: KB961501
Title: Vulnerabilities in Windows Print Spooler Could Allow Remote Code Execution
Affected product: Windows Server 2008 for 32-bit Systems
Affected component: 
Severity: Critical
Impact: Remote Code Execution
Exploit: n/a

Date: 20101214
CVE: CVE-2010-3965
KB: KB2447961
Title: Vulnerability in Windows Media Encoder Could Allow Remote Code Execution
Affected product: Windows Server 2008 for 32-bit Systems
Affected component: Windows Media Encoder 9 x86
Severity: Important
Impact: Remote Code Execution
Exploit: n/a

Date: 20110308
CVE: CVE-2011-0029
KB: KB2481109
Title: Vulnerability in Remote Desktop Client Could Allow Remote Code Execution
Affected product: Windows Server 2008 for 32-bit Systems
Affected component: Remote Desktop Connection 6.1 Client
Severity: Important
Impact: Remote Code Execution
Exploit: n/a

Date: 20090811
CVE: CVE-2009-1544
KB: KB971657
Title: Vulnerability in Workstation Service Could Allow Elevation of Privilege
Affected product: Windows Server 2008 for 32-bit Systems
Affected component: 
Severity: Important
Impact: Elevation of Privilege
Exploit: n/a

Date: 20100413
CVE: CVE-2010-0486
KB: KB978601
Title: Vulnerabilities in Windows Could Allow Remote Code Execution
Affected product: Windows Server 2008 for 32-bit Systems
Affected component: Authenticode Signature Verification 6.0
Severity: Critical
Impact: Remote Code Execution
Exploit: n/a

Date: 20090310
CVE: CVE-2009-0234
KB: KB961063
Title: Vulnerabilities in DNS and WINS Server Could Allow Spoofing
Affected product: Windows Server 2008 for 32-bit Systems
Affected component: DNS Server
Severity: Important
Impact: Spoofing
Exploit: n/a

Date: 20110614
CVE: CVE-2011-1261
KB: KB2530548
Title: Cumulative Security Update for Internet Explorer
Affected product: Windows Server 2008 for 32-bit Systems
Affected component: Windows Internet Explorer 7
Severity: Critical
Impact: Remote Code Execution
Exploit: n/a

Date: 20110614
CVE: CVE-2011-1261
KB: KB2530548
Title: Cumulative Security Update for Internet Explorer
Affected product: Windows Server 2008 for 32-bit Systems
Affected component: Windows Internet Explorer 8
Severity: Critical
Impact: Remote Code Execution
Exploit: n/a

Date: 20101214
CVE: CVE-2010-2742
KB: KB2207559
Title: Vulnerability in Windows Netlogon Service Could Allow Denial of Service
Affected product: Windows Server 2008 for 32-bit Systems
Affected component: 
Severity: Important
Impact: Denial of Service
Exploit: n/a

Date: 20090609
CVE: CVE-2009-0568
KB: KB970238
Title: Vulnerability in RPC Could Allow Elevation of Privilege
Affected product: Windows Server 2008 for 32-bit Systems
Affected component: 
Severity: Important
Impact: Elevation of Privilege
Exploit: n/a

Date: 20100608
CVE: CVE-2010-1880
KB: KB979482
Title: Vulnerabilities in Media Decompression Could Allow Remote Code Execution
Affected product: Windows Server 2008 for 32-bit Systems
Affected component: Asycfilt.dll (COM component)
Severity: Critical
Impact: Remote Code Execution
Exploit: n/a

Date: 20110712
CVE: CVE-2011-1283
KB: KB2507938
Title: Vulnerabilities in Windows Client/Server Run-time Subsystem Could Allow Elevation of Privilege
Affected product: Windows Server 2008 for 32-bit Systems
Affected component: 
Severity: Important
Impact: Elevation of Privilege
Exploit: n/a

Date: 20110712
CVE: CVE-2011-1870
KB: KB2507938
Title: Vulnerabilities in Windows Client/Server Run-time Subsystem Could Allow Elevation of Privilege
Affected product: Windows Server 2008 for 32-bit Systems
Affected component: 
Severity: Important
Impact: Elevation of Privilege
Exploit: n/a

Date: 20100810
CVE: CVE-2010-2554
KB: KB982799
Title: Vulnerabilities in the Tracing Feature for Services Could Allow Elevation of Privilege
Affected product: Windows Server 2008 for 32-bit Systems
Affected component: 
Severity: Important
Impact: Elevation of Privilege
Exploit: n/a

Date: 20091208
CVE: CVE-2009-2508
KB: KB971726
Title: Vulnerabilities in Active Directory Federation Services Could Allow Remote Code Execution
Affected product: Windows Server 2008 for 32-bit Systems
Affected component: 
Severity: Important
Impact: Remote Code Execution
Exploit: n/a

Date: 20101214
CVE: CVE-2010-3961
KB: KB2442962
Title: Vulnerability in Consent User Interface Could Allow Elevation of Privilege
Affected product: Windows Server 2008 for 32-bit Systems
Affected component: 
Severity: Important
Impact: Elevation of Privilege
Exploit: n/a

Date: 20100914
CVE: CVE-2010-1899
KB: KB2124261
Title: Vulnerabilities in Microsoft Internet Information Services (IIS) Could Allow Remote Code Execution
Affected product: Windows Server 2008 for 32-bit Systems
Affected component: Microsoft Internet Information Services 7.0
Severity: Important
Impact: Remote Code Execution
Exploit: n/a

Date: 20110208
CVE: CVE-2010-4398
KB: KB2393802
Title: Vulnerabilities in Windows Kernel Could Allow Elevation of Privilege
Affected product: Windows Server 2008 for 32-bit Systems
Affected component: 
Severity: Important
Impact: Elevation of Privilege
Exploits: http://www.exploit-db.com/bypassing-uac-with-user-privilege-under-windows-vista7-mirror/, http://www.exploit-db.com/exploits/15609/

Date: 20110712
CVE: CVE-2011-1883
KB: KB2555917
Title: Vulnerabilities in Windows Kernel-Mode Drivers Could Allow Elevation of Privilege
Affected product: Windows Server 2008 for 32-bit Systems
Affected component: 
Severity: Important
Impact: Elevation of Privilege
Exploit: n/a

Date: 20081111
CVE: CVE-2008-4029
KB: KB954430
Title: Vulnerabilities in Microsoft XML Core Services Could Allow Remote Code Execution
Affected product: Windows Server 2008 for 32-bit Systems
Affected component: Microsoft XML Core Services 4.0
Severity: Critical
Impact: Remote Code Execution
Exploit: n/a

Date: 20081111
CVE: CVE-2008-4029
KB: KB954459
Title: Vulnerabilities in Microsoft XML Core Services Could Allow Remote Code Execution
Affected product: Windows Server 2008 for 32-bit Systems
Affected component: Microsoft XML Core Services 6.0
Severity: Critical
Impact: Remote Code Execution
Exploit: n/a

Date: 20110712
CVE: CVE-2011-1887
KB: KB2555917
Title: Vulnerabilities in Windows Kernel-Mode Drivers Could Allow Elevation of Privilege
Affected product: Windows Server 2008 for 32-bit Systems
Affected component: 
Severity: Important
Impact: Elevation of Privilege
Exploit: n/a

Date: 20090908
CVE: CVE-2009-1926
KB: KB967723
Title: Vulnerabilities in Windows TCP/IP Could Allow Remote Code Execution
Affected product: Windows Server 2008 for 32-bit Systems
Affected component: 
Severity: Critical
Impact: Remote Code Execution
Exploit: n/a

Date: 20101012
CVE: CVE-2010-3227
KB: KB2387149
Title: Vulnerability in Microsoft Foundation Classes Could Allow Remote Code Execution
Affected product: Windows Server 2008 for 32-bit Systems
Affected component: 
Severity: Moderate
Impact: Remote Code Execution
Exploit: http://www.exploit-db.com/exploits/13921/

Date: 20100112
CVE: CVE-2010-0018
KB: KB972270
Title: Vulnerability in the Embedded OpenType Font Engine Could Allow Remote Code Execution
Affected product: Windows Server 2008 for 32-bit Systems
Affected component: 
Severity: Critical
Impact: Remote Code Execution
Exploit: n/a

Date: 20110614
CVE: CVE-2011-1252
KB: KB2530548
Title: Cumulative Security Update for Internet Explorer
Affected product: Windows Server 2008 for 32-bit Systems
Affected component: Windows Internet Explorer 7
Severity: Critical
Impact: Remote Code Execution
Exploit: n/a

Date: 20110614
CVE: CVE-2011-1252
KB: KB2530548
Title: Cumulative Security Update for Internet Explorer
Affected product: Windows Server 2008 for 32-bit Systems
Affected component: Windows Internet Explorer 8
Severity: Critical
Impact: Remote Code Execution
Exploit: n/a

Date: 20110712
CVE: CVE-2011-1884
KB: KB2555917
Title: Vulnerabilities in Windows Kernel-Mode Drivers Could Allow Elevation of Privilege
Affected product: Windows Server 2008 for 32-bit Systems
Affected component: 
Severity: Important
Impact: Elevation of Privilege
Exploit: n/a

Date: 20100413
CVE: CVE-2010-0812
KB: KB978338
Title: Vulnerability in Windows ISATAP Component Could Allow Spoofing
Affected product: Windows Server 2008 for 32-bit Systems
Affected component: 
Severity: Moderate
Impact: Spoofing
Exploit: n/a

Date: 20090210
CVE: CVE-2008-5416
KB: KB960089
Title: Vulnerability in Microsoft SQL Server Could Allow Remote Code Execution
Affected product: Windows Server 2008 for 32-bit Systems
Affected component: Windows Internal Database (WYukon) SP2
Severity: Important
Impact: Remote Code Execution
Exploits: http://www.sec-consult.com/files/20081209_mssql-2000-sp_replwritetovarbin_memwrite.txt, http://www.securityfocus.com/bid/32710, https://www.exploit-db.com/exploits/7501

Date: 20101012
CVE: CVE-2010-3229
KB: KB2207566
Title: Vulnerability in SChannel Could Allow Denial of Service
Affected product: Windows Server 2008 for 32-bit Systems
Affected component: 
Severity: Important
Impact: Denial of Service
Exploit: n/a

Date: 20100810
CVE: CVE-2010-1893
KB: KB978886
Title: Vulnerabilities in TCP/IP Could Allow Elevation of Privilege
Affected product: Windows Server 2008 for 32-bit Systems
Affected component: 
Severity: Important
Impact: Elevation of Privilege
Exploit: n/a

Date: 20110614
CVE: CVE-2011-1246
KB: KB2530548
Title: Cumulative Security Update for Internet Explorer
Affected product: Windows Server 2008 for 32-bit Systems
Affected component: Windows Internet Explorer 7
Severity: Critical
Impact: Remote Code Execution
Exploit: n/a

Date: 20110614
CVE: CVE-2011-1246
KB: KB2530548
Title: Cumulative Security Update for Internet Explorer
Affected product: Windows Server 2008 for 32-bit Systems
Affected component: Windows Internet Explorer 8
Severity: Critical
Impact: Remote Code Execution
Exploit: n/a

Date: 20090609
CVE: CVE-2009-0229
KB: KB961501
Title: Vulnerabilities in Windows Print Spooler Could Allow Remote Code Execution
Affected product: Windows Server 2008 for 32-bit Systems
Affected component: 
Severity: Critical
Impact: Remote Code Execution
Exploit: n/a

Date: 20081111
CVE: CVE-2008-4033
KB: KB954430
Title: Vulnerabilities in Microsoft XML Core Services Could Allow Remote Code Execution
Affected product: Windows Server 2008 for 32-bit Systems
Affected component: Microsoft XML Core Services 4.0
Severity: Critical
Impact: Remote Code Execution
Exploit: n/a

Date: 20081111
CVE: CVE-2008-4033
KB: KB954459
Title: Vulnerabilities in Microsoft XML Core Services Could Allow Remote Code Execution
Affected product: Windows Server 2008 for 32-bit Systems
Affected component: Microsoft XML Core Services 6.0
Severity: Critical
Impact: Remote Code Execution
Exploit: n/a

Date: 20100511
CVE: CVE-2010-0816
KB: KB978542
Title: Vulnerability in Outlook Express and Windows Mail Could Allow Remote Code Execution
Affected product: Windows Server 2008 for 32-bit Systems
Affected component: Windows Mail
Severity: Critical
Impact: Remote Code Execution
Exploits: http://archives.neohapsis.com/archives/bugtraq/2010-05/0068.html, http://www.protekresearchlab.com/index.php?option=com_content&view=article&id=13&Itemid=13, http://www.securityfocus.com/bid/40052

Date: 20100511
CVE: CVE-2010-0816
KB: KB978542
Title: Vulnerability in Outlook Express and Windows Mail Could Allow Remote Code Execution
Affected product: Windows Server 2008 for 32-bit Systems
Affected component: Windows Live Mail 2011
Severity: Critical
Impact: Remote Code Execution
Exploits: http://archives.neohapsis.com/archives/bugtraq/2010-05/0068.html, http://www.protekresearchlab.com/index.php?option=com_content&view=article&id=13&Itemid=13, http://www.securityfocus.com/bid/40052

Date: 20100209
CVE: CVE-2010-0250
KB: KB975560
Title: Vulnerability in Microsoft DirectShow Could Allow Remote Code Execution
Affected product: Windows Server 2008 for 32-bit Systems
Affected component: Microsoft DirectX
Severity: Critical
Impact: Remote Code Execution
Exploit: n/a

Date: 20110111
CVE: CVE-2011-0026
KB: KB2419640
Title: Vulnerabilities in Microsoft Data Access Components Could Allow Remote Code Execution
Affected product: Windows Server 2008 for 32-bit Systems
Affected component: Windows Data Access Components 6.0
Severity: Critical
Impact: Remote Code Execution
Exploit: n/a

Date: 20100413
CVE: CVE-2010-0487
KB: KB978601
Title: Vulnerabilities in Windows Could Allow Remote Code Execution
Affected product: Windows Server 2008 for 32-bit Systems
Affected component: Authenticode Signature Verification 6.0
Severity: Critical
Impact: Remote Code Execution
Exploit: n/a

Date: 20110208
CVE: CVE-2010-3972
KB: KB2489256
Title: Vulnerability in Internet Information Services (IIS) FTP Service Could Allow Remote Code Execution
Affected product: Windows Server 2008 for 32-bit Systems
Affected component: Microsoft Internet Information Services 7.0
Severity: Important
Impact: Remote Code Execution
Exploits: http://www.exploit-db.com/exploits/15803, http://www.securityfocus.com/bid/45542

Date: 20110208
CVE: CVE-2010-3972
KB: KB2489256
Title: Vulnerability in Internet Information Services (IIS) FTP Service Could Allow Remote Code Execution
Affected product: Windows Server 2008 for 32-bit Systems
Affected component: Microsoft Internet Information Services 7.0
Severity: Important
Impact: Remote Code Execution
Exploits: http://www.exploit-db.com/exploits/15803, http://www.securityfocus.com/bid/45542

Date: 20110208
CVE: CVE-2010-3972
KB: KB2489256
Title: Vulnerability in Internet Information Services (IIS) FTP Service Could Allow Remote Code Execution
Affected product: Windows Server 2008 for 32-bit Systems
Affected component: Microsoft Internet Information Services 7.0
Severity: Important
Impact: Remote Code Execution
Exploits: http://www.exploit-db.com/exploits/15803, http://www.securityfocus.com/bid/45542

Date: 20110208
CVE: CVE-2010-3972
KB: KB2489256
Title: Vulnerability in Internet Information Services (IIS) FTP Service Could Allow Remote Code Execution
Affected product: Windows Server 2008 for 32-bit Systems
Affected component: Microsoft Internet Information Services 7.0
Severity: Important
Impact: Remote Code Execution
Exploits: http://www.exploit-db.com/exploits/15803, http://www.securityfocus.com/bid/45542

Date: 20091013
CVE: CVE-2009-3023
KB: KB975254
Title: Vulnerabilities in FTP Service for Internet Information Services Could Allow Remote Code Execution
Affected product: Windows Server 2008 for 32-bit Systems
Affected component: Microsoft Internet Information Services 7.0
Severity: Important
Impact: Remote Code Execution
Exploits: http://www.securityfocus.com/bid/36189, http://www.exploit-db.com/exploits/9559, http://www.exploit-db.com/exploits/9541

Date: 20100810
CVE: CVE-2010-2555
KB: KB982799
Title: Vulnerabilities in the Tracing Feature for Services Could Allow Elevation of Privilege
Affected product: Windows Server 2008 for 32-bit Systems
Affected component: 
Severity: Important
Impact: Elevation of Privilege
Exploit: n/a

Date: 20090609
CVE: CVE-2009-0230
KB: KB961501
Title: Vulnerabilities in Windows Print Spooler Could Allow Remote Code Execution
Affected product: Windows Server 2008 for 32-bit Systems
Affected component: 
Severity: Critical
Impact: Remote Code Execution
Exploit: n/a

Date: 20100810
CVE: CVE-2010-2561
KB: KB2079403
Title: Vulnerability in Microsoft XML Core Services Could Allow Remote Code Execution
Affected product: Windows Server 2008 for 32-bit Systems
Affected component: Microsoft XML Core Services 3.0
Severity: Critical
Impact: Remote Code Execution
Exploit: n/a

Date: 20090811
CVE: CVE-2009-2493
KB: KB973507
Title: Vulnerabilities in Microsoft Active Template Library (ATL) Could Allow Remote Code Execution
Affected product: Windows Server 2008 for 32-bit Systems
Affected component: Windows ATL Component
Severity: Critical
Impact: Remote Code Execution
Exploit: n/a

Date: 20110614
CVE: CVE-2011-0664
KB: KB2478663
Title: Vulnerability in .NET Framework and Microsoft Silverlight Could Allow Remote Code Execution
Affected product: Windows Server 2008 for 32-bit Systems
Affected component: Microsoft .NET Framework 4
Severity: Critical
Impact: Remote Code Execution
Exploit: n/a

Date: 20110614
CVE: CVE-2011-0664
KB: KB2478657
Title: Vulnerability in .NET Framework and Microsoft Silverlight Could Allow Remote Code Execution
Affected product: Windows Server 2008 for 32-bit Systems
Affected component: Microsoft .NET Framework 2.0 Service Pack 1
Severity: Critical
Impact: Remote Code Execution
Exploit: n/a

Date: 20110614
CVE: CVE-2011-0664
KB: KB2478657
Title: Vulnerability in .NET Framework and Microsoft Silverlight Could Allow Remote Code Execution
Affected product: Windows Server 2008 for 32-bit Systems
Affected component: Microsoft .NET Framework 3.5
Severity: Critical
Impact: Remote Code Execution
Exploit: n/a

Date: 20110614
CVE: CVE-2011-0664
KB: KB2478659
Title: Vulnerability in .NET Framework and Microsoft Silverlight Could Allow Remote Code Execution
Affected product: Windows Server 2008 for 32-bit Systems
Affected component: Microsoft .NET Framework 2.0 Service Pack 2
Severity: Critical
Impact: Remote Code Execution
Exploit: n/a

Date: 20110614
CVE: CVE-2011-0664
KB: KB2478659
Title: Vulnerability in .NET Framework and Microsoft Silverlight Could Allow Remote Code Execution
Affected product: Windows Server 2008 for 32-bit Systems
Affected component: Microsoft .NET Framework 3.5 Service Pack 1
Severity: Critical
Impact: Remote Code Execution
Exploit: n/a

Date: 20090414
CVE: CVE-2009-0086
KB: KB960803
Title: Vulnerabilities in Windows HTTP Services Could Allow Remote Code Execution
Affected product: Windows Server 2008 for 32-bit Systems
Affected component: 
Severity: Critical
Impact: Remote Code Execution
Exploit: n/a

Date: 20110412
CVE: CVE-2011-0663
KB: KB2510581
Title: Vulnerability in JScript and VBScript Scripting Engines Could Allow Remote Code Execution
Affected product: Windows Server 2008 for 32-bit Systems
Affected component: JScript 5.7
Severity: Critical
Impact: Remote Code Execution
Exploit: n/a

Date: 20110412
CVE: CVE-2011-0663
KB: KB2510581
Title: Vulnerability in JScript and VBScript Scripting Engines Could Allow Remote Code Execution
Affected product: Windows Server 2008 for 32-bit Systems
Affected component: VBScript 5.7
Severity: Critical
Impact: Remote Code Execution
Exploit: n/a

Date: 20110412
CVE: CVE-2011-0663
KB: KB2510531
Title: Vulnerability in JScript and VBScript Scripting Engines Could Allow Remote Code Execution
Affected product: Windows Server 2008 for 32-bit Systems
Affected component: JScript 5.8
Severity: Critical
Impact: Remote Code Execution
Exploit: n/a

Date: 20110412
CVE: CVE-2011-0663
KB: KB2510531
Title: Vulnerability in JScript and VBScript Scripting Engines Could Allow Remote Code Execution
Affected product: Windows Server 2008 for 32-bit Systems
Affected component: VBScript 5.8
Severity: Critical
Impact: Remote Code Execution
Exploit: n/a

Date: 20091013
CVE: CVE-2009-2524
KB: KB975467
Title: Vulnerability in Local Security Authority Subsystem Service Could Allow Denial of Service
Affected product: Windows Server 2008 for 32-bit Systems
Affected component: 
Severity: Important
Impact: Denial of Service
Exploit: n/a

Date: 20090310
CVE: CVE-2009-0094
KB: KB961063
Title: Vulnerabilities in DNS and WINS Server Could Allow Spoofing
Affected product: Windows Server 2008 for 32-bit Systems
Affected component: DNS Server
Severity: Important
Impact: Spoofing
Exploit: n/a

Date: 20090210
CVE: CVE-2009-0076
KB: KB961260
Title: Cumulative Security Update for Internet Explorer (961260)
Affected product: Windows Server 2008 for 32-bit Systems
Affected component: Windows Internet Explorer 7
Severity: Critical
Impact: Remote Code Execution
Exploit: n/a

Date: 20110614
CVE: CVE-2011-1255
KB: KB2530548
Title: Cumulative Security Update for Internet Explorer
Affected product: Windows Server 2008 for 32-bit Systems
Affected component: Windows Internet Explorer 7
Severity: Critical
Impact: Remote Code Execution
Exploit: n/a

Date: 20110614
CVE: CVE-2011-1255
KB: KB2530548
Title: Cumulative Security Update for Internet Explorer
Affected product: Windows Server 2008 for 32-bit Systems
Affected component: Windows Internet Explorer 8
Severity: Critical
Impact: Remote Code Execution
Exploit: n/a

Date: 20110111
CVE: CVE-2011-0027
KB: KB2419640
Title: Vulnerabilities in Microsoft Data Access Components Could Allow Remote Code Execution
Affected product: Windows Server 2008 for 32-bit Systems
Affected component: Windows Data Access Components 6.0
Severity: Critical
Impact: Remote Code Execution
Exploit: n/a

Date: 20110614
CVE: CVE-2011-1250
KB: KB2530548
Title: Cumulative Security Update for Internet Explorer
Affected product: Windows Server 2008 for 32-bit Systems
Affected component: Windows Internet Explorer 7
Severity: Critical
Impact: Remote Code Execution
Exploit: n/a

Date: 20110614
CVE: CVE-2011-1250
KB: KB2530548
Title: Cumulative Security Update for Internet Explorer
Affected product: Windows Server 2008 for 32-bit Systems
Affected component: Windows Internet Explorer 8
Severity: Critical
Impact: Remote Code Execution
Exploit: n/a

Date: 20090414
CVE: CVE-2008-1436
KB: KB952004
Title: Vulnerabilities in Windows Could Allow Elevation of Privilege
Affected product: Windows Server 2008 for 32-bit Systems
Affected component: 
Severity: Important
Impact: Elevation of Privilege
Exploit: https://www.exploit-db.com/exploits/6705

Date: 20090414
CVE: CVE-2008-1436
KB: KB956572
Title: Vulnerabilities in Windows Could Allow Elevation of Privilege
Affected product: Windows Server 2008 for 32-bit Systems
Affected component: 
Severity: Important
Impact: Elevation of Privilege
Exploit: https://www.exploit-db.com/exploits/6705

Date: 20110614
CVE: CVE-2011-1262
KB: KB2530548
Title: Cumulative Security Update for Internet Explorer
Affected product: Windows Server 2008 for 32-bit Systems
Affected component: Windows Internet Explorer 7
Severity: Critical
Impact: Remote Code Execution
Exploit: n/a

Date: 20110614
CVE: CVE-2011-1262
KB: KB2530548
Title: Cumulative Security Update for Internet Explorer
Affected product: Windows Server 2008 for 32-bit Systems
Affected component: Windows Internet Explorer 8
Severity: Critical
Impact: Remote Code Execution
Exploit: n/a

Date: 20090908
CVE: CVE-2009-1132
KB: KB970710
Title: Vulnerability in Wireless LAN AutoConfig Service Could Allow Remote Code Execution
Affected product: Windows Server 2008 for 32-bit Systems
Affected component: 
Severity: Critical
Impact: Remote Code Execution
Exploit: n/a

Date: 20110712
CVE: CVE-2011-1281
KB: KB2507938
Title: Vulnerabilities in Windows Client/Server Run-time Subsystem Could Allow Elevation of Privilege
Affected product: Windows Server 2008 for 32-bit Systems
Affected component: 
Severity: Important
Impact: Elevation of Privilege
Exploit: n/a

Date: 20091208
CVE: CVE-2009-2509
KB: KB971726
Title: Vulnerabilities in Active Directory Federation Services Could Allow Remote Code Execution
Affected product: Windows Server 2008 for 32-bit Systems
Affected component: 
Severity: Important
Impact: Remote Code Execution
Exploit: n/a

Date: 20081209
CVE: CVE-2008-3010
KB: KB952069
Title: Vulnerabilities in Windows Media Components Could Allow Remote Code Execution
Affected product: Windows Server 2008 for 32-bit Systems
Affected component: Windows Media Format Runtime 11
Severity: Important
Impact: Remote Code Execution
Exploit: n/a

Date: 20101012
CVE: CVE-2010-1883
KB: KB982132
Title: Vulnerability in the Embedded OpenType Font Engine Could Allow Remote Code Execution
Affected product: Windows Server 2008 for 32-bit Systems
Affected component: 
Severity: Critical
Impact: Remote Code Execution
Exploit: n/a

Date: 20110712
CVE: CVE-2011-1888
KB: KB2555917
Title: Vulnerabilities in Windows Kernel-Mode Drivers Could Allow Elevation of Privilege
Affected product: Windows Server 2008 for 32-bit Systems
Affected component: 
Severity: Important
Impact: Elevation of Privilege
Exploit: n/a

Date: 20090908
CVE: CVE-2009-2499
KB: KB972554
Title: Vulnerabilities in Windows Media Format Could Allow Remote Code Execution
Affected product: Windows Server 2008 for 32-bit Systems
Affected component: Windows Media Services
Severity: Critical
Impact: Remote Code Execution
Exploit: n/a

Date: 20110614
CVE: CVE-2011-1268
KB: KB2536276
Title: Vulnerability in SMB Client Could Allow Remote Code Execution
Affected product: Windows Server 2008 for 32-bit Systems
Affected component: 
Severity: Critical
Impact: Remote Code Execution
Exploit: n/a

Date: 20110712
CVE: CVE-2011-1879
KB: KB2555917
Title: Vulnerabilities in Windows Kernel-Mode Drivers Could Allow Elevation of Privilege
Affected product: Windows Server 2008 for 32-bit Systems
Affected component: 
Severity: Important
Impact: Elevation of Privilege
Exploit: n/a

Date: 20081024
CVE: SPSRV8X86SP2
KB: KBSPSRV8X86SP2
Title: Windows Server 2008 for 32-bit Systems Service Pack 2
Affected product: Windows Server 2008 for 32-bit Systems
Affected component: 
Severity: Critical
Impact: No more updates
Exploit: n/a

Date: 20100413
CVE: CVE-2010-0025
KB: KB976323
Title: Vulnerabilities in Microsoft Exchange and Windows SMTP Service Could Allow Denial of Service
Affected product: Windows Server 2008 for 32-bit Systems
Affected component: 
Severity: Important
Impact: Denial of Service
Exploit: n/a

Date: 20091208
CVE: CVE-2009-2505
KB: KB974318
Title: Vulnerabilities in Internet Authentication Service Could Allow Remote Code Execution
Affected product: Windows Server 2008 for 32-bit Systems
Affected component: 
Severity: Critical
Impact: Remote Code Execution
Exploit: n/a

Date: 20100608
CVE: CVE-2010-1879
KB: KB979482
Title: Vulnerabilities in Media Decompression Could Allow Remote Code Execution
Affected product: Windows Server 2008 for 32-bit Systems
Affected component: Asycfilt.dll (COM component)
Severity: Critical
Impact: Remote Code Execution
Exploit: n/a

Date: 20081111
CVE: CVE-2007-0099
KB: KB954430
Title: Vulnerabilities in Microsoft XML Core Services Could Allow Remote Code Execution
Affected product: Windows Server 2008 for 32-bit Systems
Affected component: Microsoft XML Core Services 4.0
Severity: Critical
Impact: Remote Code Execution
Exploit: n/a

Date: 20081111
CVE: CVE-2007-0099
KB: KB954459
Title: Vulnerabilities in Microsoft XML Core Services Could Allow Remote Code Execution
Affected product: Windows Server 2008 for 32-bit Systems
Affected component: Microsoft XML Core Services 6.0
Severity: Critical
Impact: Remote Code Execution
Exploit: n/a

Date: 20110510
CVE: CVE-2011-1248
KB: KB2524426
Title: Vulnerability in WINS Could Allow Remote Code Execution
Affected product: Windows Server 2008 for 32-bit Systems
Affected component: 
Severity: Critical
Impact: Remote Code Execution
Exploit: n/a

Date: 20110412
CVE: CVE-2010-3974
KB: KB2506212
Title: Vulnerabilities in Windows Fax Cover Page Editor Could Allow Remote Code Execution
Affected product: Windows Server 2008 for 32-bit Systems
Affected component: 
Severity: Important
Impact: Remote Code Execution
Exploit: n/a

Date: 20110412
CVE: CVE-2010-3973
KB: KB2508272
Title: Cumulative Security Update of ActiveX Kill Bits
Affected product: Windows Server 2008 for 32-bit Systems
Affected component: 
Severity: Critical
Impact: Remote Code Execution
Exploits: http://www.wooyun.org/bug.php?action=view&id=1006, http://www.securityfocus.com/bid/45546, http://www.exploit-db.com/exploits/15809

Date: 20081209
CVE: CVE-2008-4268
KB: KB958623
Title: Vulnerabilities in Windows Search Could Allow Remote Code Execution
Affected product: Windows Server 2008 for 32-bit Systems
Affected component: 
Severity: Critical
Impact: Remote Code Execution
Exploit: n/a

Date: 20081209
CVE: CVE-2008-4268
KB: KB958624
Title: Vulnerabilities in Windows Search Could Allow Remote Code Execution
Affected product: Windows Server 2008 for 32-bit Systems
Affected component: 
Severity: Critical
Impact: Remote Code Execution
Exploit: n/a

Date: 20100209
CVE: CVE-2010-0035
KB: KB977290
Title: Vulnerability in Kerberos Could Allow Denial of Service
Affected product: Windows Server 2008 for 32-bit Systems
Affected component: 
Severity: Important
Impact: Denial of Service
Exploit: n/a

Date: 20110712
CVE: CVE-2011-1885
KB: KB2555917
Title: Vulnerabilities in Windows Kernel-Mode Drivers Could Allow Elevation of Privilege
Affected product: Windows Server 2008 for 32-bit Systems
Affected component: 
Severity: Important
Impact: Elevation of Privilege
Exploit: n/a

Date: 20100914
CVE: CVE-2010-2731
KB: KB2124261
Title: Vulnerabilities in Microsoft Internet Information Services (IIS) Could Allow Remote Code Execution
Affected product: Windows Server 2008 for 32-bit Systems
Affected component: Microsoft Internet Information Services 7.0
Severity: Important
Impact: Remote Code Execution
Exploit: n/a

Date: 20100209
CVE: CVE-2010-0026
KB: KB977894
Title: Vulnerability in Windows Server 2008 Hyper-V Could Allow Denial of Service
Affected product: Windows Server 2008 for 32-bit Systems (Server Core installation)
Affected component: 
Severity: Important
Impact: Denial of Service
Exploit: n/a

Date: 20111213
CVE: CVE-2011-3408
KB: KB2620712
Title: Vulnerability in Windows Client/Server Run-time Subsystem Could Allow Elevation of Privilege
Affected product: Windows Server 2008 for 32-bit Systems (Server Core installation)
Affected component: 
Severity: Important
Impact: Elevation of Privilege
Exploit: n/a

Date: 20090811
CVE: CVE-2008-0015
KB: KB973507
Title: Vulnerabilities in Microsoft Active Template Library (ATL) Could Allow Remote Code Execution
Affected product: Windows Server 2008 for 32-bit Systems
Affected component: Windows ATL Component
Severity: Critical
Impact: Remote Code Execution
Exploits: http://isc.sans.org/diary.html?storyid=6733, http://www.csis.dk/dk/nyheder/nyheder.asp?tekstID=799, http://www.iss.net/threats/329.html

Date: 20110712
CVE: CVE-2011-1880
KB: KB2555917
Title: Vulnerabilities in Windows Kernel-Mode Drivers Could Allow Elevation of Privilege
Affected product: Windows Server 2008 for 32-bit Systems
Affected component: 
Severity: Important
Impact: Elevation of Privilege
Exploit: n/a

Date: 20110614
CVE: CVE-2011-0658
KB: KB2476490
Title: Vulnerability in OLE Automation Could Allow Remote Code Execution
Affected product: Windows Server 2008 for 32-bit Systems
Affected component: 
Severity: Critical
Impact: Remote Code Execution
Exploit: n/a

Date: 20110614
CVE: CVE-2011-1264
KB: KB2518295
Title: Vulnerability in Active Directory Certificate Services Web Enrollment Could Allow Elevation of Privilege
Affected product: Windows Server 2008 for 32-bit Systems
Affected component: 
Severity: Important
Impact: Elevation of Privilege
Exploit: n/a

Date: 20100914
CVE: CVE-2010-2738
KB: KB981322
Title: Vulnerability in Unicode Scripts Processor Could Allow Remote Code Execution
Affected product: Windows Server 2008 for 32-bit Systems
Affected component: 
Severity: Critical
Impact: Remote Code Execution
Exploit: n/a

Date: 20090414
CVE: CVE-2009-0089
KB: KB960803
Title: Vulnerabilities in Windows HTTP Services Could Allow Remote Code Execution
Affected product: Windows Server 2008 for 32-bit Systems
Affected component: 
Severity: Critical
Impact: Remote Code Execution
Exploit: n/a

Date: 20110614
CVE: CVE-2011-1251
KB: KB2530548
Title: Cumulative Security Update for Internet Explorer
Affected product: Windows Server 2008 for 32-bit Systems
Affected component: Windows Internet Explorer 7
Severity: Critical
Impact: Remote Code Execution
Exploit: n/a

Date: 20110614
CVE: CVE-2011-1251
KB: KB2530548
Title: Cumulative Security Update for Internet Explorer
Affected product: Windows Server 2008 for 32-bit Systems
Affected component: Windows Internet Explorer 8
Severity: Critical
Impact: Remote Code Execution
Exploit: n/a

Date: 20100810
CVE: CVE-2010-1892
KB: KB978886
Title: Vulnerabilities in TCP/IP Could Allow Elevation of Privilege
Affected product: Windows Server 2008 for 32-bit Systems
Affected component: 
Severity: Important
Impact: Elevation of Privilege
Exploit: n/a

Date: 20110208
CVE: CVE-2011-0045
KB: KB2393802
Title: Vulnerabilities in Windows Kernel Could Allow Elevation of Privilege
Affected product: Windows Server 2008 for 32-bit Systems
Affected component: 
Severity: Important
Impact: Elevation of Privilege
Exploit: n/a

Date: 20091013
CVE: CVE-2009-0555
KB: KB954155
Title: Vulnerabilities in Windows Media Runtime Could Allow Remote Code Execution
Affected product: Windows Server 2008 for 32-bit Systems
Affected component: Windows Media Audio Voice Decoder
Severity: Critical
Impact: Remote Code Execution
Exploit: n/a

Date: 20100608
CVE: CVE-2009-0217
KB: KB979906
Title: Vulnerability in Microsoft .NET Framework Could Allow Tampering
Affected product: Windows Server 2008 for 32-bit Systems
Affected component: Microsoft .NET Framework 1.1 Service Pack 1
Severity: Important
Impact: Tampering
Exploit: n/a

Date: 20100608
CVE: CVE-2009-0217
KB: KB979913
Title: Vulnerability in Microsoft .NET Framework Could Allow Tampering
Affected product: Windows Server 2008 for 32-bit Systems
Affected component: Microsoft .NET Framework 2.0 Service Pack 1
Severity: Important
Impact: Tampering
Exploit: n/a

Date: 20100608
CVE: CVE-2009-0217
KB: KB979913
Title: Vulnerability in Microsoft .NET Framework Could Allow Tampering
Affected product: Windows Server 2008 for 32-bit Systems
Affected component: Microsoft .NET Framework 3.5
Severity: Important
Impact: Tampering
Exploit: n/a

Date: 20100608
CVE: CVE-2009-0217
KB: KB979911
Title: Vulnerability in Microsoft .NET Framework Could Allow Tampering
Affected product: Windows Server 2008 for 32-bit Systems
Affected component: Microsoft .NET Framework 2.0 Service Pack 2
Severity: Important
Impact: Tampering
Exploit: n/a

Date: 20100608
CVE: CVE-2009-0217
KB: KB979911
Title: Vulnerability in Microsoft .NET Framework Could Allow Tampering
Affected product: Windows Server 2008 for 32-bit Systems
Affected component: Microsoft .NET Framework 3.5 Service Pack 1
Severity: Important
Impact: Tampering
Exploit: n/a

Date: 20110712
CVE: CVE-2011-1876
KB: KB2555917
Title: Vulnerabilities in Windows Kernel-Mode Drivers Could Allow Elevation of Privilege
Affected product: Windows Server 2008 for 32-bit Systems
Affected component: 
Severity: Important
Impact: Elevation of Privilege
Exploit: n/a

Date: 20091013
CVE: CVE-2009-2525
KB: KB954155
Title: Vulnerabilities in Windows Media Runtime Could Allow Remote Code Execution
Affected product: Windows Server 2008 for 32-bit Systems
Affected component: Windows Media Audio Voice Decoder
Severity: Critical
Impact: Remote Code Execution
Exploit: n/a

Date: 20110614
CVE: CVE-2011-1249
KB: KB2503665
Title: Vulnerability in Ancillary Function Driver Could Allow Elevation of Privilege
Affected product: Windows Server 2008 for 32-bit Systems
Affected component: 
Severity: Important
Impact: Elevation of Privilege
Exploit: https://www.exploit-db.com/exploits/40564/

Date: 20110614
CVE: CVE-2011-1873
KB: KB2525694
Title: Vulnerability in Windows Kernel-Mode Drivers Could Allow Remote Code Execution
Affected product: Windows Server 2008 for 32-bit Systems (Server Core installation)
Affected component: 
Severity: Critical
Impact: Remote Code Execution
Exploit: n/a

Date: 20101214
CVE: CVE-2010-3338
KB: KB2305420
Title: Vulnerability in Task Scheduler Could Allow Elevation of Privilege
Affected product: Windows Server 2008 for 32-bit Systems
Affected component: 
Severity: Important
Impact: Elevation of Privilege
Exploit: n/a

Date: 20110712
CVE: CVE-2011-1285
KB: KB2507938
Title: Vulnerabilities in Windows Client/Server Run-time Subsystem Could Allow Elevation of Privilege
Affected product: Windows Server 2008 for 32-bit Systems
Affected component: 
Severity: Important
Impact: Elevation of Privilege
Exploit: n/a

Date: 20090414
CVE: CVE-2009-0550
KB: KB960803
Title: Vulnerabilities in Windows HTTP Services Could Allow Remote Code Execution
Affected product: Windows Server 2008 for 32-bit Systems
Affected component: 
Severity: Critical
Impact: Remote Code Execution
Exploit: n/a

Date: 20101012
CVE: CVE-2010-2746
KB: KB2296011
Title: Vulnerability in Windows Common Control Library Could Allow Remote Code Execution
Affected product: Windows Server 2008 for 32-bit Systems
Affected component: 
Severity: Important
Impact: Remote Code Execution
Exploit: n/a

Date: 20090310
CVE: CVE-2009-0233
KB: KB961063
Title: Vulnerabilities in DNS and WINS Server Could Allow Spoofing
Affected product: Windows Server 2008 for 32-bit Systems
Affected component: DNS Server
Severity: Important
Impact: Spoofing
Exploit: n/a

Date: 20110412
CVE: CVE-2011-0657
KB: KB2509553
Title: Vulnerability in DNS Resolution Could Allow Remote Code Execution
Affected product: Windows Server 2008 for 32-bit Systems
Affected component: 
Severity: Critical
Impact: Remote Code Execution
Exploit: n/a

Date: 20110208
CVE: CVE-2010-3970
KB: KB2483185
Title: Vulnerability in Windows Shell Graphics Processing Could Allow Remote Code Execution
Affected product: Windows Server 2008 for 32-bit Systems
Affected component: 
Severity: Critical
Impact: Remote Code Execution
Exploits: http://www.securityfocus.com/bid/45662, http://www.metasploit.com/redmine/projects/framework/repository/revisions/11466/entry/modules/exploits/windows/fileformat/ms11_xxx_createsizeddibsection.rb

Date: 20090908
CVE: CVE-2008-4609
KB: KB967723
Title: Vulnerabilities in Windows TCP/IP Could Allow Remote Code Execution
Affected product: Windows Server 2008 for 32-bit Systems
Affected component: 
Severity: Critical
Impact: Remote Code Execution
Exploit: n/a

Date: 20100413
CVE: CVE-2010-0024
KB: KB976323
Title: Vulnerabilities in Microsoft Exchange and Windows SMTP Service Could Allow Denial of Service
Affected product: Windows Server 2008 for 32-bit Systems
Affected component: 
Severity: Important
Impact: Denial of Service
Exploit: n/a

Date: 20110412
CVE: CVE-2011-1243
KB: KB2508272
Title: Cumulative Security Update of ActiveX Kill Bits
Affected product: Windows Server 2008 for 32-bit Systems
Affected component: 
Severity: Critical
Impact: Remote Code Execution
Exploit: n/a

Date: 20110614
CVE: CVE-2011-1872
KB: KB2525835
Title: Vulnerability in Hyper-V Could Allow Denial of Service
Affected product: Windows Server 2008 for 32-bit Systems (Server Core installation)
Affected component: 
Severity: Important
Impact: Denial of Service
Exploit: n/a

Date: 20110712
CVE: CVE-2011-1875
KB: KB2555917
Title: Vulnerabilities in Windows Kernel-Mode Drivers Could Allow Elevation of Privilege
Affected product: Windows Server 2008 for 32-bit Systems
Affected component: 
Severity: Important
Impact: Elevation of Privilege
Exploit: n/a

Date: 20110614
CVE: CVE-2011-1258
KB: KB2530548
Title: Cumulative Security Update for Internet Explorer
Affected product: Windows Server 2008 for 32-bit Systems
Affected component: Windows Internet Explorer 7
Severity: Critical
Impact: Remote Code Execution
Exploit: n/a

Date: 20110614
CVE: CVE-2011-1258
KB: KB2530548
Title: Cumulative Security Update for Internet Explorer
Affected product: Windows Server 2008 for 32-bit Systems
Affected component: Windows Internet Explorer 8
Severity: Critical
Impact: Remote Code Execution
Exploit: n/a

Date: 20110712
CVE: CVE-2011-1878
KB: KB2555917
Title: Vulnerabilities in Windows Kernel-Mode Drivers Could Allow Elevation of Privilege
Affected product: Windows Server 2008 for 32-bit Systems
Affected component: 
Severity: Important
Impact: Elevation of Privilege
Exploit: n/a

Date: 20091013
CVE: CVE-2009-2511
KB: KB974571
Title: Vulnerabilities in Windows CryptoAPI Could Allow Spoofing
Affected product: Windows Server 2008 for 32-bit Systems
Affected component: 
Severity: Important
Impact: Spoofing
Exploit: n/a

Date: 20081209
CVE: CVE-2008-2249
KB: KB956802
Title: Vulnerabilities in GDI Could Allow Remote Code Execution
Affected product: Windows Server 2008 for 32-bit Systems
Affected component: 
Severity: Critical
Impact: Remote Code Execution
Exploit: n/a

Date: 20110712
CVE: CVE-2011-1282
KB: KB2507938
Title: Vulnerabilities in Windows Client/Server Run-time Subsystem Could Allow Elevation of Privilege
Affected product: Windows Server 2008 for 32-bit Systems
Affected component: 
Severity: Important
Impact: Elevation of Privilege
Exploit: n/a

Date: 20091013
CVE: CVE-2009-2510
KB: KB974571
Title: Vulnerabilities in Windows CryptoAPI Could Allow Spoofing
Affected product: Windows Server 2008 for 32-bit Systems
Affected component: 
Severity: Important
Impact: Spoofing
Exploit: n/a

Date: 20090811
CVE: CVE-2009-1930
KB: KB960859
Title: Vulnerability in Telnet Could Allow Remote Code Execution
Affected product: Windows Server 2008 for 32-bit Systems
Affected component: 
Severity: Important
Impact: Remote Code Execution
Exploit: n/a

Date: 20110614
CVE: CVE-2011-1254
KB: KB2530548
Title: Cumulative Security Update for Internet Explorer
Affected product: Windows Server 2008 for 32-bit Systems
Affected component: Windows Internet Explorer 7
Severity: Critical
Impact: Remote Code Execution
Exploit: n/a

Date: 20110614
CVE: CVE-2011-1254
KB: KB2530548
Title: Cumulative Security Update for Internet Explorer
Affected product: Windows Server 2008 for 32-bit Systems
Affected component: Windows Internet Explorer 8
Severity: Critical
Impact: Remote Code Execution
Exploit: n/a

Date: 20110614
CVE: CVE-2011-1266
KB: KB2544521
Title: Vulnerability in Vector Markup Language Could Allow Remote Code Execution
Affected product: Windows Server 2008 for 32-bit Systems
Affected component: Windows Internet Explorer 7
Severity: Critical
Impact: Remote Code Execution
Exploit: n/a

Date: 20110614
CVE: CVE-2011-1266
KB: KB2544521
Title: Vulnerability in Vector Markup Language Could Allow Remote Code Execution
Affected product: Windows Server 2008 for 32-bit Systems
Affected component: Windows Internet Explorer 8
Severity: Critical
Impact: Remote Code Execution
Exploit: n/a

Date: 20110614
CVE: CVE-2011-1260
KB: KB2530548
Title: Cumulative Security Update for Internet Explorer
Affected product: Windows Server 2008 for 32-bit Systems
Affected component: Windows Internet Explorer 7
Severity: Critical
Impact: Remote Code Execution
Exploit: n/a

Date: 20110614
CVE: CVE-2011-1260
KB: KB2530548
Title: Cumulative Security Update for Internet Explorer
Affected product: Windows Server 2008 for 32-bit Systems
Affected component: Windows Internet Explorer 8
Severity: Critical
Impact: Remote Code Execution
Exploit: n/a

Date: 20101012
CVE: CVE-2010-2745
KB: KB2378111
Title: Vulnerability in Windows Media Player Could Allow Remote Code Execution
Affected product: Windows Server 2008 for 32-bit Systems
Affected component: Windows Media Player 11
Severity: Important
Impact: Remote Code Execution
Exploit: n/a

Date: 20110412
CVE: CVE-2011-0034
KB: KB2507618
Title: Vulnerability in the OpenType Compact Font Format (CFF) Driver Could Allow Remote Code Execution
Affected product: Windows Server 2008 for 32-bit Systems
Affected component: 
Severity: Critical
Impact: Remote Code Execution
Exploit: n/a

Date: 20110412
CVE: CVE-2010-0811
KB: KB2508272
Title: Cumulative Security Update of ActiveX Kill Bits
Affected product: Windows Server 2008 for 32-bit Systems
Affected component: 
Severity: Critical
Impact: Remote Code Execution
Exploit: n/a

Date: 20110614
CVE: CVE-2011-1271
KB: KB2518870
Title: Vulnerability in .NET Framework Could Allow Remote Code Execution
Affected product: Windows Server 2008 for 32-bit Systems
Affected component: Microsoft .NET Framework 4
Severity: Critical
Impact: Remote Code Execution
Exploit: http://stackoverflow.com/questions/2135509/bug-only-occurring-when-compile-optimization-enabled/

Date: 20110614
CVE: CVE-2011-1271
KB: KB2518863
Title: Vulnerability in .NET Framework Could Allow Remote Code Execution
Affected product: Windows Server 2008 for 32-bit Systems
Affected component: Microsoft .NET Framework 2.0 Service Pack 1
Severity: Critical
Impact: Remote Code Execution
Exploit: http://stackoverflow.com/questions/2135509/bug-only-occurring-when-compile-optimization-enabled/

Date: 20110614
CVE: CVE-2011-1271
KB: KB2518865
Title: Vulnerability in .NET Framework Could Allow Remote Code Execution
Affected product: Windows Server 2008 for 32-bit Systems
Affected component: Microsoft .NET Framework 2.0 Service Pack 2
Severity: Critical
Impact: Remote Code Execution
Exploit: http://stackoverflow.com/questions/2135509/bug-only-occurring-when-compile-optimization-enabled/

Date: 20110614
CVE: CVE-2011-1271
KB: KB2518863
Title: Vulnerability in .NET Framework Could Allow Remote Code Execution
Affected product: Windows Server 2008 for 32-bit Systems
Affected component: Microsoft .NET Framework 3.5
Severity: Critical
Impact: Remote Code Execution
Exploit: http://stackoverflow.com/questions/2135509/bug-only-occurring-when-compile-optimization-enabled/

Date: 20110614
CVE: CVE-2011-1271
KB: KB2518865
Title: Vulnerability in .NET Framework Could Allow Remote Code Execution
Affected product: Windows Server 2008 for 32-bit Systems
Affected component: Microsoft .NET Framework 3.5 Service Pack 1
Severity: Critical
Impact: Remote Code Execution
Exploit: http://stackoverflow.com/questions/2135509/bug-only-occurring-when-compile-optimization-enabled/

Date: 20110412
CVE: CVE-2011-0661
KB: KB2508429
Title: Vulnerability in SMB Server Could Allow Remote Code Execution
Affected product: Windows Server 2008 for 32-bit Systems
Affected component: 
Severity: Critical
Impact: Remote Code Execution
Exploit: n/a

Date: 20090811
CVE: CVE-2008-0020
KB: KB973507
Title: Vulnerabilities in Microsoft Active Template Library (ATL) Could Allow Remote Code Execution
Affected product: Windows Server 2008 for 32-bit Systems
Affected component: Windows ATL Component
Severity: Critical
Impact: Remote Code Execution
Exploit: n/a

Date: 20090414
CVE: CVE-2009-0079
KB: KB952004
Title: Vulnerabilities in Windows Could Allow Elevation of Privilege
Affected product: Windows Server 2008 for 32-bit Systems
Affected component: 
Severity: Important
Impact: Elevation of Privilege
Exploit: n/a

Date: 20090414
CVE: CVE-2009-0079
KB: KB956572
Title: Vulnerabilities in Windows Could Allow Elevation of Privilege
Affected product: Windows Server 2008 for 32-bit Systems
Affected component: 
Severity: Important
Impact: Elevation of Privilege
Exploit: n/a

Date: 20091208
CVE: CVE-2009-3677
KB: KB974318
Title: Vulnerabilities in Internet Authentication Service Could Allow Remote Code Execution
Affected product: Windows Server 2008 for 32-bit Systems
Affected component: 
Severity: Critical
Impact: Remote Code Execution
Exploit: n/a

Date: 20110412
CVE: CVE-2010-4701
KB: KB2506212
Title: Vulnerabilities in Windows Fax Cover Page Editor Could Allow Remote Code Execution
Affected product: Windows Server 2008 for 32-bit Systems
Affected component: 
Severity: Important
Impact: Remote Code Execution
Exploits: http://www.exploit-db.com/exploits/15839, http://retrogod.altervista.org/9sg_cov_bof.html

Date: 20090414
CVE: CVE-2009-0078
KB: KB952004
Title: Vulnerabilities in Windows Could Allow Elevation of Privilege
Affected product: Windows Server 2008 for 32-bit Systems
Affected component: 
Severity: Important
Impact: Elevation of Privilege
Exploit: n/a

Date: 20090414
CVE: CVE-2009-0078
KB: KB956572
Title: Vulnerabilities in Windows Could Allow Elevation of Privilege
Affected product: Windows Server 2008 for 32-bit Systems
Affected component: 
Severity: Important
Impact: Elevation of Privilege
Exploit: n/a

Date: 20090908
CVE: CVE-2009-2498
KB: KB972554
Title: Vulnerabilities in Windows Media Format Could Allow Remote Code Execution
Affected product: Windows Server 2008 for 32-bit Systems
Affected component: Windows Media Services
Severity: Critical
Impact: Remote Code Execution
Exploit: n/a

Date: 20110712
CVE: CVE-2011-1877
KB: KB2555917
Title: Vulnerabilities in Windows Kernel-Mode Drivers Could Allow Elevation of Privilege
Affected product: Windows Server 2008 for 32-bit Systems
Affected component: 
Severity: Important
Impact: Elevation of Privilege
Exploit: n/a

Date: 20081209
CVE: CVE-2008-3465
KB: KB956802
Title: Vulnerabilities in GDI Could Allow Remote Code Execution
Affected product: Windows Server 2008 for 32-bit Systems
Affected component: 
Severity: Critical
Impact: Remote Code Execution
Exploit: n/a

Date: 20110712
CVE: CVE-2011-1882
KB: KB2555917
Title: Vulnerabilities in Windows Kernel-Mode Drivers Could Allow Elevation of Privilege
Affected product: Windows Server 2008 for 32-bit Systems
Affected component: 
Severity: Important
Impact: Elevation of Privilege
Exploit: n/a

Date: 20110614
CVE: CVE-2011-1267
KB: KB2536275
Title: Vulnerability in SMB Server Could Allow Denial of Service
Affected product: Windows Server 2008 for 32-bit Systems
Affected component: 
Severity: Important
Impact: Denial of Service
Exploit: n/a

Date: 20110614
CVE: CVE-2011-1868
KB: KB2535512
Title: Vulnerabilities in Distributed File System Could Allow Remote Code Execution
Affected product: Windows Server 2008 for 32-bit Systems
Affected component: 
Severity: Critical
Impact: Remote Code Execution
Exploit: n/a

Date: 20091110
CVE: CVE-2009-2512
KB: KB973565
Title: Vulnerability in Web Services on Devices API Could Allow Remote Code Execution
Affected product: Windows Server 2008 for 32-bit Systems
Affected component: 
Severity: Critical
Impact: Remote Code Execution
Exploit: n/a

Date: 20090811
CVE: CVE-2009-2494
KB: KB973507
Title: Vulnerabilities in Microsoft Active Template Library (ATL) Could Allow Remote Code Execution
Affected product: Windows Server 2008 for 32-bit Systems
Affected component: Windows ATL Component
Severity: Critical
Impact: Remote Code Execution
Exploit: n/a

Date: 20110712
CVE: CVE-2011-1874
KB: KB2555917
Title: Vulnerabilities in Windows Kernel-Mode Drivers Could Allow Elevation of Privilege
Affected product: Windows Server 2008 for 32-bit Systems
Affected component: 
Severity: Important
Impact: Elevation of Privilege
Exploit: n/a

Date: 20081209
CVE: CVE-2008-3009
KB: KB952069
Title: Vulnerabilities in Windows Media Components Could Allow Remote Code Execution
Affected product: Windows Server 2008 for 32-bit Systems
Affected component: Windows Media Format Runtime 11
Severity: Important
Impact: Remote Code Execution
Exploit: n/a

Date: 20110712
CVE: CVE-2011-1881
KB: KB2555917
Title: Vulnerabilities in Windows Kernel-Mode Drivers Could Allow Elevation of Privilege
Affected product: Windows Server 2008 for 32-bit Systems
Affected component: 
Severity: Important
Impact: Elevation of Privilege
Exploit: n/a

Date: 20100914
CVE: CVE-2010-2730
KB: KB2124261
Title: Vulnerabilities in Microsoft Internet Information Services (IIS) Could Allow Remote Code Execution
Affected product: Windows Server 2008 for 32-bit Systems
Affected component: Microsoft Internet Information Services 7.0
Severity: Important
Impact: Remote Code Execution
Exploit: n/a

Date: 20090414
CVE: CVE-2008-2540
KB: KB959426
Title: Blended Threat Vulnerability in SearchPath Could Allow Elevation of Privilege
Affected product: Windows Server 2008 for 32-bit Systems
Affected component: 
Severity: Moderate
Impact: Elevation of Privilege
Exploit: n/a

Date: 20100914
CVE: CVE-2010-0820
KB: KB981550
Title: Vulnerability in Local Security Authority Subsystem Service Could Allow Elevation of Privilege
Affected product: Windows Server 2008 for 32-bit Systems
Affected component: Active Directory
Severity: Important
Impact: Elevation of Privilege
Exploit: n/a

Date: 20100914
CVE: CVE-2010-0820
KB: KB981550
Title: Vulnerability in Local Security Authority Subsystem Service Could Allow Elevation of Privilege
Affected product: Windows Server 2008 for 32-bit Systems
Affected component: Active Directory Lightweight Directory Services
Severity: Important
Impact: Elevation of Privilege
Exploit: n/a

Date: 20090414
CVE: CVE-2009-0080
KB: KB952004
Title: Vulnerabilities in Windows Could Allow Elevation of Privilege
Affected product: Windows Server 2008 for 32-bit Systems
Affected component: 
Severity: Important
Impact: Elevation of Privilege
Exploit: n/a

Date: 20090414
CVE: CVE-2009-0080
KB: KB956572
Title: Vulnerabilities in Windows Could Allow Elevation of Privilege
Affected product: Windows Server 2008 for 32-bit Systems
Affected component: 
Severity: Important
Impact: Elevation of Privilege
Exploit: n/a

Date: 20110712
CVE: CVE-2011-1886
KB: KB2555917
Title: Vulnerabilities in Windows Kernel-Mode Drivers Could Allow Elevation of Privilege
Affected product: Windows Server 2008 for 32-bit Systems
Affected component: 
Severity: Important
Impact: Elevation of Privilege
Exploit: n/a

Date: 20081209
CVE: CVE-2008-4269
KB: KB958623
Title: Vulnerabilities in Windows Search Could Allow Remote Code Execution
Affected product: Windows Server 2008 for 32-bit Systems
Affected component: 
Severity: Critical
Impact: Remote Code Execution
Exploit: n/a

Date: 20081209
CVE: CVE-2008-4269
KB: KB958624
Title: Vulnerabilities in Windows Search Could Allow Remote Code Execution
Affected product: Windows Server 2008 for 32-bit Systems
Affected component: 
Severity: Critical
Impact: Remote Code Execution
Exploit: n/a

Date: 20090811
CVE: CVE-2009-0901
KB: KB973507
Title: Vulnerabilities in Microsoft Active Template Library (ATL) Could Allow Remote Code Execution
Affected product: Windows Server 2008 for 32-bit Systems
Affected component: Windows ATL Component
Severity: Critical
Impact: Remote Code Execution
Exploit: n/a

Date: 20090811
CVE: CVE-2009-1545
KB: KB971557
Title: Vulnerabilities in Windows Media File Processing Could Allow Remote Code Execution
Affected product: Windows Server 2008 for 32-bit Systems
Affected component: 
Severity: Critical
Impact: Remote Code Execution
Exploit: n/a

Date: 20090908
CVE: CVE-2009-1925
KB: KB967723
Title: Vulnerabilities in Windows TCP/IP Could Allow Remote Code Execution
Affected product: Windows Server 2008 for 32-bit Systems
Affected component: 
Severity: Critical
Impact: Remote Code Execution
Exploit: n/a

Date: 20110412
CVE: CVE-2011-0041
KB: KB2412687
Title: Vulnerability in GDI+ Could Allow Remote Code Execution
Affected product: Windows Server 2008 for 32-bit Systems
Affected component: 
Severity: Critical
Impact: Remote Code Execution
Exploit: n/a

[-] Missing patches: 104
    - KB2530548: patches 22 vulnerabilities
    - KB2555917: patches 15 vulnerabilities
    - KB2507938: patches 5 vulnerabilities
    - KB973507: patches 5 vulnerabilities
    - KB961063: patches 4 vulnerabilities
    - KB2489256: patches 4 vulnerabilities
    - KB952004: patches 4 vulnerabilities
    - KB956572: patches 4 vulnerabilities
    - KB961501: patches 3 vulnerabilities
    - KB2124261: patches 3 vulnerabilities
    - KB954430: patches 3 vulnerabilities
    - KB954459: patches 3 vulnerabilities
    - KB967723: patches 3 vulnerabilities
    - KB960803: patches 3 vulnerabilities
    - KB2508272: patches 3 vulnerabilities
    - KB961260: patches 2 vulnerabilities
    - KB2416469: patches 2 vulnerabilities
    - KB2416474: patches 2 vulnerabilities
    - KB975254: patches 2 vulnerabilities
    - KB971557: patches 2 vulnerabilities
    - KB2535512: patches 2 vulnerabilities
    - KB978601: patches 2 vulnerabilities
    - KB979482: patches 2 vulnerabilities
    - KB982799: patches 2 vulnerabilities
    - KB971726: patches 2 vulnerabilities
    - KB2393802: patches 2 vulnerabilities
    - KB978886: patches 2 vulnerabilities
    - KB978542: patches 2 vulnerabilities
    - KB2419640: patches 2 vulnerabilities
    - KB2478657: patches 2 vulnerabilities
    - KB2478659: patches 2 vulnerabilities
    - KB2510581: patches 2 vulnerabilities
    - KB2510531: patches 2 vulnerabilities
    - KB952069: patches 2 vulnerabilities
    - KB972554: patches 2 vulnerabilities
    - KB976323: patches 2 vulnerabilities
    - KB974318: patches 2 vulnerabilities
    - KB2506212: patches 2 vulnerabilities
    - KB958623: patches 2 vulnerabilities
    - KB958624: patches 2 vulnerabilities
    - KB954155: patches 2 vulnerabilities
    - KB979913: patches 2 vulnerabilities
    - KB979911: patches 2 vulnerabilities
    - KB974571: patches 2 vulnerabilities
    - KB956802: patches 2 vulnerabilities
    - KB2544521: patches 2 vulnerabilities
    - KB2518863: patches 2 vulnerabilities
    - KB2518865: patches 2 vulnerabilities
    - KB981550: patches 2 vulnerabilities
    - KB2418240: patches 1 vulnerability
    - KB2416473: patches 1 vulnerability
    - KB2416472: patches 1 vulnerability
    - KB2416447: patches 1 vulnerability
    - KB972594: patches 1 vulnerability
    - KB975558: patches 1 vulnerability
    - KB2544893: patches 1 vulnerability
    - KB977816: patches 1 vulnerability
    - KB2423089: patches 1 vulnerability
    - KB979687: patches 1 vulnerability
    - KB979688: patches 1 vulnerability
    - KB3141083: patches 1 vulnerability
    - KB2347290: patches 1 vulnerability
    - KB2447961: patches 1 vulnerability
    - KB2481109: patches 1 vulnerability
    - KB971657: patches 1 vulnerability
    - KB2207559: patches 1 vulnerability
    - KB970238: patches 1 vulnerability
    - KB2442962: patches 1 vulnerability
    - KB2387149: patches 1 vulnerability
    - KB972270: patches 1 vulnerability
    - KB978338: patches 1 vulnerability
    - KB960089: patches 1 vulnerability
    - KB2207566: patches 1 vulnerability
    - KB975560: patches 1 vulnerability
    - KB2079403: patches 1 vulnerability
    - KB2478663: patches 1 vulnerability
    - KB975467: patches 1 vulnerability
    - KB970710: patches 1 vulnerability
    - KB982132: patches 1 vulnerability
    - KB2536276: patches 1 vulnerability
    - KB2524426: patches 1 vulnerability
    - KB977290: patches 1 vulnerability
    - KB977894: patches 1 vulnerability
    - KB2620712: patches 1 vulnerability
    - KB2476490: patches 1 vulnerability
    - KB2518295: patches 1 vulnerability
    - KB981322: patches 1 vulnerability
    - KB979906: patches 1 vulnerability
    - KB2503665: patches 1 vulnerability
    - KB2525694: patches 1 vulnerability
    - KB2305420: patches 1 vulnerability
    - KB2296011: patches 1 vulnerability
    - KB2509553: patches 1 vulnerability
    - KB2483185: patches 1 vulnerability
    - KB2525835: patches 1 vulnerability
    - KB960859: patches 1 vulnerability
    - KB2378111: patches 1 vulnerability
    - KB2507618: patches 1 vulnerability
    - KB2518870: patches 1 vulnerability
    - KB2508429: patches 1 vulnerability
    - KB2536275: patches 1 vulnerability
    - KB973565: patches 1 vulnerability
    - KB959426: patches 1 vulnerability
    - KB2412687: patches 1 vulnerability
[-] Missing service pack
    - Windows Server 2008 for 32-bit Systems Service Pack 2
[I] KB with the most recent release date
    - ID: KB3141083
    - Release date: 20160726
[+] Done. Displaying 208 of the 208 vulnerabilities found.
