CPU info:
Architecture:                    x86_64
CPU op-mode(s):                  32-bit, 64-bit
Address sizes:                   45 bits physical, 48 bits virtual
Byte Order:                      Little Endian
CPU(s):                          8
On-line CPU(s) list:             0-7
Vendor ID:                       GenuineIntel
BIOS Vendor ID:                  GenuineIntel
Model name:                      12th Gen Intel(R) Core(TM) i7-12700
BIOS Model name:                 12th Gen Intel(R) Core(TM) i7-12700
CPU family:                      6
Model:                           151
Thread(s) per core:              1
Core(s) per socket:              2
Socket(s):                       4
Stepping:                        2
BogoMIPS:                        4223.99
Flags:                           fpu vme de pse tsc msr pae mce cx8 apic sep mtrr pge mca cmov pat pse36 clflush mmx fxsr sse sse2 ss ht syscall nx pdpe1gb rdtscp lm constant_tsc arch_perfmon rep_good nopl xtopology tsc_reliable nonstop_tsc cpuid tsc_known_freq pni pclmulqdq vmx ssse3 fma cx16 pcid sse4_1 sse4_2 x2apic movbe popcnt tsc_deadline_timer aes xsave avx f16c rdrand hypervisor lahf_lm abm 3dnowprefetch cpuid_fault invpcid_single ssbd ibrs ibpb stibp ibrs_enhanced tpr_shadow vnmi ept vpid ept_ad fsgsbase tsc_adjust bmi1 avx2 smep bmi2 erms invpcid rdseed adx smap clflushopt clwb sha_ni xsaveopt xsavec xgetbv1 xsaves arat umip pku ospke gfni vaes vpclmulqdq rdpid movdiri movdir64b fsrm md_clear flush_l1d arch_capabilities
Virtualization:                  VT-x
Hypervisor vendor:               VMware
Virtualization type:             full
L1d cache:                       384 KiB (8 instances)
L1i cache:                       256 KiB (8 instances)
L2 cache:                        10 MiB (8 instances)
L3 cache:                        100 MiB (4 instances)
NUMA node(s):                    1
NUMA node0 CPU(s):               0-7
Vulnerability Itlb multihit:     KVM: Mitigation: VMX disabled
Vulnerability L1tf:              Not affected
Vulnerability Mds:               Not affected
Vulnerability Meltdown:          Not affected
Vulnerability Mmio stale data:   Not affected
Vulnerability Retbleed:          Not affected
Vulnerability Spec store bypass: Mitigation; Speculative Store Bypass disabled via prctl
Vulnerability Spectre v1:        Mitigation; usercopy/swapgs barriers and __user pointer sanitization
Vulnerability Spectre v2:        Mitigation; Enhanced IBRS, IBPB conditional, RSB filling, PBRSB-eIBRS SW sequence
Vulnerability Srbds:             Not affected
Vulnerability Tsx async abort:   Not affected


Memory:
               total        used        free      shared  buff/cache   available
Mem:         7844992     1508100     3819976      163324     2985388     6336892
Swap:        1048572           0     1048572


Storage (chroot, cache_topdir):
Filesystem           Size  Used Avail Use% Mounted on
/dev/mapper/cs-root  106G   27G   79G  25% /
/dev/mapper/cs-root  106G   27G   79G  25% /
