2023-06-27 14:29:32,032 - Mock Version: 3.3
2023-06-27 14:29:32,461 - Start: yum update
2023-06-27 14:29:34,703 - Finish: yum update
2023-06-27 14:29:34,706 - Finish: chroot init
2023-06-27 14:29:34,707 - Start: buildsrpm
2023-06-27 14:29:34,708 - Start: rpmbuild -bs
2023-06-27 14:29:34,840 - Finish: rpmbuild -bs
2023-06-27 14:29:34,841 - Finish: buildsrpm
2023-06-27 14:29:34,842 - Start: clean chroot
2023-06-27 14:29:35,868 - Finish: clean chroot
2023-06-27 14:29:35,869 - Finish: run
2023-06-27 14:29:38,172 - Mock Version: 3.3
2023-06-27 14:29:38,645 - Start: yum update
2023-06-27 14:29:41,230 - Finish: yum update
2023-06-27 14:29:41,233 - Finish: chroot init
2023-06-27 14:29:41,234 - Start: build phase for nagiosxi-deps-el7-5.11.0-1.src.rpm
2023-06-27 14:29:41,234 - Start: build setup for nagiosxi-deps-el7-5.11.0-1.src.rpm
2023-06-27 14:29:43,553 - Finish: build setup for nagiosxi-deps-el7-5.11.0-1.src.rpm
2023-06-27 14:29:43,553 - Start: Outputting list of installed packages
2023-06-27 14:29:43,691 - Finish: Outputting list of installed packages
2023-06-27 14:29:43,691 - Start: rpmbuild nagiosxi-deps-el7-5.11.0-1.src.rpm
2023-06-27 14:29:43,903 - Finish: rpmbuild nagiosxi-deps-el7-5.11.0-1.src.rpm
2023-06-27 14:29:43,905 - Finish: build phase for nagiosxi-deps-el7-5.11.0-1.src.rpm
2023-06-27 14:29:43,907 - Start: clean chroot
2023-06-27 14:29:45,015 - Finish: clean chroot
2023-06-27 14:29:45,016 - Finish: run
