Starting enum4linux v0.9.1 ( http://labs.portcullis.co.uk/application/enum4linux/ ) on Fri Apr  7 11:25:25 2023

[34m =========================================( [0m[32mTarget Information[0m[34m )=========================================

[0mTarget ........... 10.10.84.67
RID Range ........ 500-550,1000-1050
Username ......... ''
Password ......... ''
Known Usernames .. administrator, guest, krbtgt, domain admins, root, bin, none


[34m ============================( [0m[32mEnumerating Workgroup/Domain on 10.10.84.67[0m[34m )============================

[0m[33m
[+] [0m[32mGot domain/workgroup name: WORKGROUP

[0m
[34m ================================( [0m[32mNbtstat Information for 10.10.84.67[0m[34m )================================

[0mLooking up status of 10.10.84.67
	BLUEPRINT       <20> -         B <ACTIVE>  File Server Service
	BLUEPRINT       <00> -         B <ACTIVE>  Workstation Service
	WORKGROUP       <00> - <GROUP> B <ACTIVE>  Domain/Workgroup Name
	WORKGROUP       <1e> - <GROUP> B <ACTIVE>  Browser Service Elections
	WORKGROUP       <1d> -         B <ACTIVE>  Master Browser
	..__MSBROWSE__. <01> - <GROUP> B <ACTIVE>  Master Browser

	MAC Address = 02-B0-D4-2B-BF-81

[34m ====================================( [0m[32mSession Check on 10.10.84.67[0m[34m )====================================

[0m[33m
[+] [0m[32mServer 10.10.84.67 allows sessions using username '', password ''

[0m
[34m =================================( [0m[32mGetting domain SID for 10.10.84.67[0m[34m )=================================

[0mdo_cmd: Could not initialise lsarpc. Error was NT_STATUS_ACCESS_DENIED
[33m
[+] [0m[32mCan't determine if host is part of domain or part of a workgroup

[0m
[34m ===================================( [0m[32mOS information on 10.10.84.67[0m[34m )===================================

[0m[33m
[E] [0m[31mCan't get OS info with smbclient

[0m[33m
[+] [0m[32mGot OS info for 10.10.84.67 from srvinfo: 
[0mdo_cmd: Could not initialise srvsvc. Error was NT_STATUS_ACCESS_DENIED


[34m ========================================( [0m[32mUsers on 10.10.84.67[0m[34m )========================================

[0m[33m
[E] [0m[31mCouldn't find users using querydispinfo: NT_STATUS_ACCESS_DENIED

[0m
[33m
[E] [0m[31mCouldn't find users using enumdomusers: NT_STATUS_ACCESS_DENIED

[0m
[34m ==================================( [0m[32mShare Enumeration on 10.10.84.67[0m[34m )==================================

[0mdo_connect: Connection to 10.10.84.67 failed (Error NT_STATUS_RESOURCE_NAME_NOT_FOUND)

	Sharename       Type      Comment
	---------       ----      -------
Reconnecting with SMB1 for workgroup listing.
Unable to connect with SMB1 -- no workgroup available
[33m
[+] [0m[32mAttempting to map shares on 10.10.84.67

[0m
[34m ============================( [0m[32mPassword Policy Information for 10.10.84.67[0m[34m )============================

[0m[33m
[E] [0m[31mUnexpected error from polenum:

[0m

[+] Attaching to 10.10.84.67 using a NULL share

[+] Trying protocol 139/SMB...

	[!] Protocol failed: Cannot request session (Called Name:10.10.84.67)

[+] Trying protocol 445/SMB...

	[!] Protocol failed: SMB SessionError: STATUS_ACCESS_DENIED({Access Denied} A process has requested access to an object but has not been granted those access rights.)


[33m
[E] [0m[31mFailed to get password policy with rpcclient

[0m

[34m =======================================( [0m[32mGroups on 10.10.84.67[0m[34m )=======================================

[0m[33m
[+] [0m[32mGetting builtin groups:

[0m[33m
[+] [0m[32m Getting builtin group memberships:

[0m[33m
[+] [0m[32m Getting local groups:

[0m[33m
[+] [0m[32m Getting local group memberships:

[0m[33m
[+] [0m[32m Getting domain groups:

[0m[33m
[+] [0m[32m Getting domain group memberships:

[0m
[34m ===================( [0m[32mUsers on 10.10.84.67 via RID cycling (RIDS: 500-550,1000-1050)[0m[34m )===================

[0m[33m
[E] [0m[31mCouldn't get SID: NT_STATUS_ACCESS_DENIED.  RID cycling not possible.

[0m
[34m ================================( [0m[32mGetting printer info for 10.10.84.67[0m[34m )================================

[0mdo_cmd: Could not initialise spoolss. Error was NT_STATUS_ACCESS_DENIED


enum4linux complete on Fri Apr  7 11:25:59 2023

