
Dossier?: \
Nom de la t?che                          Prochaine ex?cution    Statut
======================================== ====================== ===============
INFORMATION?: aucune t?che planifi?e n'est actuellement disponible ? votre niveau d'acc?s.

Dossier?: \Microsoft
Nom de la t?che                          Prochaine ex?cution    Statut
======================================== ====================== ===============
INFORMATION?: aucune t?che planifi?e n'est actuellement disponible ? votre niveau d'acc?s.

Dossier?: \Microsoft\Windows
Nom de la t?che                          Prochaine ex?cution    Statut
======================================== ====================== ===============
Server Initial Configuration Task        N/A                    D?sactiv?

Dossier?: \Microsoft\Windows\.NET Framework
Nom de la t?che                          Prochaine ex?cution    Statut
======================================== ====================== ===============
.NET Framework NGEN v4.0.30319           N/A                    Pr?t
.NET Framework NGEN v4.0.30319 64        N/A                    Pr?t
.NET Framework NGEN v4.0.30319 64 Critic N/A                    D?sactiv?
.NET Framework NGEN v4.0.30319 Critical  N/A                    D?sactiv?

Dossier?: \Microsoft\Windows\Active Directory Rights Management Services Client
Nom de la t?che                          Prochaine ex?cution    Statut
======================================== ====================== ===============
AD RMS Rights Policy Template Management N/A                    D?sactiv?
AD RMS Rights Policy Template Management N/A                    Pr?t

Dossier?: \Microsoft\Windows\AppID
Nom de la t?che                          Prochaine ex?cution    Statut
======================================== ====================== ===============
PolicyConverter                          N/A                    D?sactiv?
VerifiedPublisherCertStoreCheck          N/A                    D?sactiv?

Dossier?: \Microsoft\Windows\Application Experience
Nom de la t?che                          Prochaine ex?cution    Statut
======================================== ====================== ===============
Microsoft Compatibility Appraiser        26/01/2024 03:27:05    Pr?t
ProgramDataUpdater                       N/A                    Pr?t
StartupAppTask                           N/A                    Pr?t

Dossier?: \Microsoft\Windows\ApplicationData
Nom de la t?che                          Prochaine ex?cution    Statut
======================================== ====================== ===============
appuriverifierdaily                      N/A                    Pr?t
appuriverifierinstall                    N/A                    Pr?t
CleanupTemporaryState                    N/A                    Pr?t
DsSvcCleanup                             N/A                    Pr?t

Dossier?: \Microsoft\Windows\AppxDeploymentClient
Nom de la t?che                          Prochaine ex?cution    Statut
======================================== ====================== ===============
Pre-staged app cleanup                   N/A                    D?sactiv?

Dossier?: \Microsoft\Windows\Autochk
Nom de la t?che                          Prochaine ex?cution    Statut
======================================== ====================== ===============
Proxy                                    N/A                    Pr?t

Dossier?: \Microsoft\Windows\BitLocker
Nom de la t?che                          Prochaine ex?cution    Statut
======================================== ====================== ===============
BitLocker Encrypt All Drives             N/A                    Pr?t
BitLocker MDM policy Refresh             N/A                    Pr?t

Dossier?: \Microsoft\Windows\Bluetooth
Nom de la t?che                          Prochaine ex?cution    Statut
======================================== ====================== ===============
UninstallDeviceTask                      N/A                    D?sactiv?

Dossier?: \Microsoft\Windows\BrokerInfrastructure
Nom de la t?che                          Prochaine ex?cution    Statut
======================================== ====================== ===============
BgTaskRegistrationMaintenanceTask        N/A                    Pr?t

Dossier?: \Microsoft\Windows\Chkdsk
Nom de la t?che                          Prochaine ex?cution    Statut
======================================== ====================== ===============
ProactiveScan                            N/A                    Pr?t
SyspartRepair                            N/A                    Pr?t

Dossier?: \Microsoft\Windows\CloudExperienceHost
Nom de la t?che                          Prochaine ex?cution    Statut
======================================== ====================== ===============
CreateObjectTask                         N/A                    Pr?t

Dossier?: \Microsoft\Windows\Customer Experience Improvement Program
Nom de la t?che                          Prochaine ex?cution    Statut
======================================== ====================== ===============
Consolidator                             26/01/2024 00:00:00    Pr?t
UsbCeip                                  N/A                    Pr?t

Dossier?: \Microsoft\Windows\Data Integrity Scan
Nom de la t?che                          Prochaine ex?cution    Statut
======================================== ====================== ===============
Data Integrity Scan                      12/02/2024 00:19:56    Pr?t
Data Integrity Scan for Crash Recovery   N/A                    Pr?t

Dossier?: \Microsoft\Windows\Defrag
Nom de la t?che                          Prochaine ex?cution    Statut
======================================== ====================== ===============
ScheduledDefrag                          N/A                    Pr?t

Dossier?: \Microsoft\Windows\Device Information
Nom de la t?che                          Prochaine ex?cution    Statut
======================================== ====================== ===============
Device                                   26/01/2024 04:50:12    Pr?t

Dossier?: \Microsoft\Windows\Diagnosis
Nom de la t?che                          Prochaine ex?cution    Statut
======================================== ====================== ===============
Scheduled                                N/A                    Pr?t

Dossier?: \Microsoft\Windows\DirectX
Nom de la t?che                          Prochaine ex?cution    Statut
======================================== ====================== ===============
DXGIAdapterCache                         N/A                    Pr?t

Dossier?: \Microsoft\Windows\DiskCleanup
Nom de la t?che                          Prochaine ex?cution    Statut
======================================== ====================== ===============
SilentCleanup                            N/A                    Pr?t

Dossier?: \Microsoft\Windows\DiskDiagnostic
Nom de la t?che                          Prochaine ex?cution    Statut
======================================== ====================== ===============
Microsoft-Windows-DiskDiagnosticDataColl N/A                    D?sactiv?
Microsoft-Windows-DiskDiagnosticResolver N/A                    D?sactiv?

Dossier?: \Microsoft\Windows\DiskFootprint
Nom de la t?che                          Prochaine ex?cution    Statut
======================================== ====================== ===============
Diagnostics                              N/A                    Pr?t
StorageSense                             N/A                    Pr?t

Dossier?: \Microsoft\Windows\EDP
Nom de la t?che                          Prochaine ex?cution    Statut
======================================== ====================== ===============
EDP App Launch Task                      N/A                    Pr?t
EDP Auth Task                            N/A                    Pr?t
EDP Inaccessible Credentials Task        N/A                    Pr?t
StorageCardEncryption Task               N/A                    Pr?t

Dossier?: \Microsoft\Windows\ExploitGuard
Nom de la t?che                          Prochaine ex?cution    Statut
======================================== ====================== ===============
ExploitGuard MDM policy Refresh          N/A                    Pr?t

Dossier?: \Microsoft\Windows\File Classification Infrastructure
Nom de la t?che                          Prochaine ex?cution    Statut
======================================== ====================== ===============
Property Definition Sync                 N/A                    D?sactiv?

Dossier?: \Microsoft\Windows\Flighting
Nom de la t?che                          Prochaine ex?cution    Statut
======================================== ====================== ===============
INFORMATION?: aucune t?che planifi?e n'est actuellement disponible ? votre niveau d'acc?s.

Dossier?: \Microsoft\Windows\Flighting\FeatureConfig
Nom de la t?che                          Prochaine ex?cution    Statut
======================================== ====================== ===============
ReconcileFeatures                        N/A                    Pr?t

Dossier?: \Microsoft\Windows\Flighting\OneSettings
Nom de la t?che                          Prochaine ex?cution    Statut
======================================== ====================== ===============
RefreshCache                             25/01/2024 23:57:40    Pr?t

Dossier?: \Microsoft\Windows\InstallService
Nom de la t?che                          Prochaine ex?cution    Statut
======================================== ====================== ===============
ScanForUpdates                           N/A                    D?sactiv?
ScanForUpdatesAsUser                     N/A                    D?sactiv?
WakeUpAndContinueUpdates                 N/A                    D?sactiv?
WakeUpAndScanForUpdates                  N/A                    D?sactiv?

Dossier?: \Microsoft\Windows\Location
Nom de la t?che                          Prochaine ex?cution    Statut
======================================== ====================== ===============
Notifications                            N/A                    Pr?t
WindowsActionDialog                      N/A                    Pr?t

Dossier?: \Microsoft\Windows\Maintenance
Nom de la t?che                          Prochaine ex?cution    Statut
======================================== ====================== ===============
WinSAT                                   N/A                    Pr?t

Dossier?: \Microsoft\Windows\Maps
Nom de la t?che                          Prochaine ex?cution    Statut
======================================== ====================== ===============
MapsToastTask                            N/A                    D?sactiv?
MapsUpdateTask                           N/A                    D?sactiv?

Dossier?: \Microsoft\Windows\MemoryDiagnostic
Nom de la t?che                          Prochaine ex?cution    Statut
======================================== ====================== ===============
ProcessMemoryDiagnosticEvents            N/A                    D?sactiv?
RunFullMemoryDiagnostic                  N/A                    D?sactiv?

Dossier?: \Microsoft\Windows\Mobile Broadband Accounts
Nom de la t?che                          Prochaine ex?cution    Statut
======================================== ====================== ===============
MNO Metadata Parser                      N/A                    Pr?t

Dossier?: \Microsoft\Windows\MUI
Nom de la t?che                          Prochaine ex?cution    Statut
======================================== ====================== ===============
LPRemove                                 N/A                    Pr?t
Mcbuilder                                N/A                    Pr?t

Dossier?: \Microsoft\Windows\Multimedia
Nom de la t?che                          Prochaine ex?cution    Statut
======================================== ====================== ===============
SystemSoundsService                      N/A                    D?sactiv?

Dossier?: \Microsoft\Windows\NetTrace
Nom de la t?che                          Prochaine ex?cution    Statut
======================================== ====================== ===============
GatherNetworkInfo                        N/A                    Pr?t

Dossier?: \Microsoft\Windows\Offline Files
Nom de la t?che                          Prochaine ex?cution    Statut
======================================== ====================== ===============
Background Synchronization               N/A                    D?sactiv?
Logon Synchronization                    N/A                    D?sactiv?

Dossier?: \Microsoft\Windows\PI
Nom de la t?che                          Prochaine ex?cution    Statut
======================================== ====================== ===============
SecureBootEncodeUEFI                     01/01/2026 12:00:00    Pr?t

Dossier?: \Microsoft\Windows\PLA
Nom de la t?che                          Prochaine ex?cution    Statut
======================================== ====================== ===============
Server Manager Performance Monitor       N/A                    D?sactiv?

Dossier?: \Microsoft\Windows\Plug and Play
Nom de la t?che                          Prochaine ex?cution    Statut
======================================== ====================== ===============
Device Install Group Policy              N/A                    Pr?t
Device Install Reboot Required           N/A                    Pr?t
Sysprep Generalize Drivers               N/A                    Pr?t

Dossier?: \Microsoft\Windows\Power Efficiency Diagnostics
Nom de la t?che                          Prochaine ex?cution    Statut
======================================== ====================== ===============
AnalyzeSystem                            N/A                    Pr?t

Dossier?: \Microsoft\Windows\PowerShell
Nom de la t?che                          Prochaine ex?cution    Statut
======================================== ====================== ===============
INFORMATION?: aucune t?che planifi?e n'est actuellement disponible ? votre niveau d'acc?s.

Dossier?: \Microsoft\Windows\RecoveryEnvironment
Nom de la t?che                          Prochaine ex?cution    Statut
======================================== ====================== ===============
VerifyWinRE                              N/A                    D?sactiv?

Dossier?: \Microsoft\Windows\Server Manager
Nom de la t?che                          Prochaine ex?cution    Statut
======================================== ====================== ===============
CleanupOldPerfLogs                       N/A                    Pr?t
ServerManager                            N/A                    Pr?t

Dossier?: \Microsoft\Windows\Servicing
Nom de la t?che                          Prochaine ex?cution    Statut
======================================== ====================== ===============
StartComponentCleanup                    N/A                    Pr?t

Dossier?: \Microsoft\Windows\SharedPC
Nom de la t?che                          Prochaine ex?cution    Statut
======================================== ====================== ===============
Account Cleanup                          N/A                    D?sactiv?

Dossier?: \Microsoft\Windows\Shell
Nom de la t?che                          Prochaine ex?cution    Statut
======================================== ====================== ===============
CreateObjectTask                         N/A                    Pr?t
IndexerAutomaticMaintenance              N/A                    Pr?t

Dossier?: \Microsoft\Windows\Software Inventory Logging
Nom de la t?che                          Prochaine ex?cution    Statut
======================================== ====================== ===============
Collection                               N/A                    D?sactiv?
Configuration                            N/A                    Pr?t

Dossier?: \Microsoft\Windows\SpacePort
Nom de la t?che                          Prochaine ex?cution    Statut
======================================== ====================== ===============
SpaceAgentTask                           N/A                    Pr?t
SpaceManagerTask                         N/A                    Pr?t

Dossier?: \Microsoft\Windows\Speech
Nom de la t?che                          Prochaine ex?cution    Statut
======================================== ====================== ===============
HeadsetButtonPress                       N/A                    Pr?t

Dossier?: \Microsoft\Windows\Storage Tiers Management
Nom de la t?che                          Prochaine ex?cution    Statut
======================================== ====================== ===============
Storage Tiers Management Initialization  N/A                    Pr?t
Storage Tiers Optimization               N/A                    D?sactiv?

Dossier?: \Microsoft\Windows\TextServicesFramework
Nom de la t?che                          Prochaine ex?cution    Statut
======================================== ====================== ===============
MsCtfMonitor                             N/A                    Pr?t

Dossier?: \Microsoft\Windows\Time Synchronization
Nom de la t?che                          Prochaine ex?cution    Statut
======================================== ====================== ===============
ForceSynchronizeTime                     N/A                    Pr?t
SynchronizeTime                          N/A                    Pr?t

Dossier?: \Microsoft\Windows\Time Zone
Nom de la t?che                          Prochaine ex?cution    Statut
======================================== ====================== ===============
SynchronizeTimeZone                      N/A                    Pr?t

Dossier?: \Microsoft\Windows\UPnP
Nom de la t?che                          Prochaine ex?cution    Statut
======================================== ====================== ===============
UPnPHostConfig                           N/A                    D?sactiv?

Dossier?: \Microsoft\Windows\Windows Error Reporting
Nom de la t?che                          Prochaine ex?cution    Statut
======================================== ====================== ===============
QueueReporting                           25/01/2024 22:46:05    Pr?t

Dossier?: \Microsoft\Windows\Windows Filtering Platform
Nom de la t?che                          Prochaine ex?cution    Statut
======================================== ====================== ===============
BfeOnServiceStartTypeChange              N/A                    Pr?t

Dossier?: \Microsoft\Windows\Windows Media Sharing
Nom de la t?che                          Prochaine ex?cution    Statut
======================================== ====================== ===============
UpdateLibrary                            N/A                    Pr?t

Dossier?: \Microsoft\Windows\WindowsColorSystem
Nom de la t?che                          Prochaine ex?cution    Statut
======================================== ====================== ===============
Calibration Loader                       N/A                    Pr?t

Dossier?: \Microsoft\Windows\WindowsUpdate
Nom de la t?che                          Prochaine ex?cution    Statut
======================================== ====================== ===============
Scheduled Start                          26/01/2024 17:46:49    Pr?t

Dossier?: \Microsoft\Windows\Wininet
Nom de la t?che                          Prochaine ex?cution    Statut
======================================== ====================== ===============
CacheTask                                N/A                    En cours

Dossier?: \Microsoft\Windows\Workplace Join
Nom de la t?che                          Prochaine ex?cution    Statut
======================================== ====================== ===============
Automatic-Device-Join                    N/A                    Pr?t
Recovery-Check                           N/A                    D?sactiv?