[*] Using LDAP filter: (&(objectClass=user)(objectCategory=person)(!(userAccountControl:1.2.840.113556.1.4.803:=2))(servicePrincipalName=*)(sAMAccountName=*))
[*] sAMAccountName      : svcScanning
[*] description         :
[*] distinguishedName   : CN=svcScanning,OU=Services,DC=corp,DC=thereserve,DC=loc
[*] whenCreated         : 2023/02/15 09:07:06
[*] whenChanged         : 2023/05/30 10:13:40
[*] pwdLastSet          : 2023/02/15 10:07:06
[*] accountExpires      : Never Expires
[*] lastLogon           : 1601/01/01 01:00:00
[*] memberOf            :
    -> CN=Services,OU=Groups,DC=corp,DC=thereserve,DC=loc
[*] servicePrincipalName(s):
    -> cifs/scvScanning
[*] sAMAccountName      : svcBackups
[*] description         :
[*] distinguishedName   : CN=svcBackups,OU=Services,DC=corp,DC=thereserve,DC=loc
[*] whenCreated         : 2023/02/15 09:05:59
[*] whenChanged         : 2023/05/30 10:23:00
[*] pwdLastSet          : 2023/02/15 10:05:59
[*] accountExpires      : Never Expires
[*] lastLogon           : 2023/02/15 10:42:19
[*] memberOf            :
    -> CN=Services,OU=Groups,DC=corp,DC=thereserve,DC=loc
[*] servicePrincipalName(s):
    -> cifs/svcBackups
[*] sAMAccountName      : svcEDR
[*] description         :
[*] distinguishedName   : CN=svcEDR,OU=Services,DC=corp,DC=thereserve,DC=loc
[*] whenCreated         : 2023/02/15 09:06:21
[*] whenChanged         : 2023/03/18 10:32:43
[*] pwdLastSet          : 2023/02/15 10:06:21
[*] accountExpires      : Never Expires
[*] lastLogon           : 1601/01/01 01:00:00
[*] memberOf            :
    -> CN=Services,OU=Groups,DC=corp,DC=thereserve,DC=loc
[*] servicePrincipalName(s):
    -> http/svcEDR
[*] sAMAccountName      : svcMonitor
[*] description         :
[*] distinguishedName   : CN=svcMonitor,OU=Services,DC=corp,DC=thereserve,DC=loc
[*] whenCreated         : 2023/02/15 09:06:43
[*] whenChanged         : 2023/03/18 10:33:05
[*] pwdLastSet          : 2023/02/15 10:06:43
[*] accountExpires      : Never Expires
[*] lastLogon           : 1601/01/01 01:00:00
[*] memberOf            :
    -> CN=Services,OU=Groups,DC=corp,DC=thereserve,DC=loc
[*] servicePrincipalName(s):
    -> http/svcMonitor
[*] sAMAccountName      : svcOctober
[*] description         :
[*] distinguishedName   : CN=svcOctober,OU=Services,DC=corp,DC=thereserve,DC=loc
[*] whenCreated         : 2023/02/15 09:07:45
[*] whenChanged         : 2023/03/24 20:54:16
[*] pwdLastSet          : 2023/02/15 10:07:45
[*] accountExpires      : Never Expires
[*] lastLogon           : 2023/03/30 23:26:54
[*] memberOf            :
    -> CN=Internet Access,OU=Groups,DC=corp,DC=thereserve,DC=loc
[*] servicePrincipalName(s):
    -> mssql/svcOctober
