[*] Listing info for CN=THERESERVE-CA,CN=Enrollment Services,CN=Public Key Services,CN=Services,CN=Configuration,DC=thereserve,DC=loc

  Enterprise CA Name        : THERESERVE-CA
  DNS Hostname              : CORPDC.corp.thereserve.loc
  Flags                     : SUPPORTS_NT_AUTHENTICATION CA_SERVERTYPE_ADVANCED
  Expiration                : 1 years
  CA Cert                   :
    Subject Name            : DC=loc, DC=thereserve, DC=corp, CN=THERESERVE-CA
    Thumbprint              : ffae7f79a0eda4489ff5258e6da1547dce08916f
    Serial Number           : d1c9fa7264e5de4aa9f0f3b581655321
    Start Date              : 2/14/2023 18:46:18
    End Date                : 2/14/2033 18:56:18
    Chain                   : DC=loc, DC=thereserve, DC=corp, CN=THERESERVE-CA
  Permissions               :
    Owner                   : THERESERVE\Enterprise Admins
                              S-1-5-21-1255581842-1300659601-3764024703-519
      Access Rights         :
        Principal           : NT AUTHORITY\Authenticated Users
          Access mask       : 00000100
          Flags             : 00000001
          Extended right    : {0E10C968-78FB-11D2-90D4-00C04F79DC55}
                              Enrollment Rights
        Principal           : CORP\CORPDC$
          Access mask       : 000F00FF
          Flags             : 00000501
                              Read Rights
        Principal           : THERESERVE\Enterprise Admins
          Access mask       : 000F00FF
          Flags             : 00000501
                              Read Rights
        Principal           : NT AUTHORITY\Authenticated Users
          Access mask       : 00020094
          Flags             : 00000101
                              Read Rights
        Principal           : THERESERVE\Enterprise Admins
          Access mask       : 000F01FF
          Flags             : 00000501
          Extended right    : {05000000-0015-0000-92A8-D64A917D864D}
                              Read Rights
        Principal           : THERESERVE\Domain Admins
          Access mask       : 000F01BD
          Flags             : 00000501
          Extended right    : {05000000-0015-0000-92A8-D64A917D864D}
                              Read Rights

  [*] Found 12 templates on the ca

    Template Name           : WebManualEnroll
    Friendly Name           : Web Manual Enroll
    Template OID            : 1.3.6.1.4.1.311.21.8.10818248.16391502.9850760.6619350.2588000.147.6633270.9668688
    Validity Period         : 2 years
    Renewal Period          : 6 weeks
    Name Flags              : ENROLLEE_SUPPLIES_SUBJECT
    Enrollment Flags        : PUBLISH_TO_DS
    Signatures Required     : 0
    Extended Key Usage      : Server Authentication, Client Authentication
    Permissions             :
      Owner                 : THERESERVE\Administrator
                              S-1-5-21-1255581842-1300659601-3764024703-500
      Access Rights         :
        Principal           : CORP\SERVER1$
          Access mask       : 00000100
          Flags             : 00000001
                              Enrollment Rights
        Principal           : CORP\CORPDC$
          Access mask       : 00000100
          Flags             : 00000001
                              Enrollment Rights
        Principal           : CORP\SERVER1$
          Access mask       : 00000100
          Flags             : 00000001
                              Enrollment Rights
        Principal           : CORP\CORPDC$
          Access mask       : 00000100
          Flags             : 00000001
                              Enrollment Rights
        Principal           : THERESERVE\Domain Admins
          Access mask       : 00000130
          Flags             : 00000001
                              Enrollment Rights
                              WriteProperty Rights
        Principal           : THERESERVE\Enterprise Admins
          Access mask       : 00000130
          Flags             : 00000001
                              Enrollment Rights
                              WriteProperty Rights
        Principal           : CORP\SERVER1$
          Access mask       : 00020014
          Flags             : 00000501
        Principal           : CORP\CORPDC$
          Access mask       : 00020014
          Flags             : 00000501
        Principal           : THERESERVE\Domain Admins
          Access mask       : 000F00FF
          Flags             : 00000501
                              WriteOwner Rights
                              WriteDacl Rights
                              WriteProperty Rights
        Principal           : THERESERVE\Enterprise Admins
          Access mask       : 000F00FF
          Flags             : 00000501
                              WriteOwner Rights
                              WriteDacl Rights
                              WriteProperty Rights
        Principal           : THERESERVE\Administrator
          Access mask       : 000F00FF
          Flags             : 00000501
                              WriteOwner Rights
                              WriteDacl Rights
                              WriteProperty Rights
        Principal           : NT AUTHORITY\Authenticated Users
          Access mask       : 00020094
          Flags             : 00000101

    Template Name           : DirectoryEmailReplication
    Friendly Name           : Directory Email Replication
    Template OID            : 1.3.6.1.4.1.311.21.8.10818248.16391502.9850760.6619350.2588000.147.1.29
    Validity Period         : 1 years
    Renewal Period          : 6 weeks
    Name Flags              : SUBJECT_ALT_REQUIRE_DNS SUBJECT_ALT_REQUIRE_DIRECTORY_GUID
    Enrollment Flags        : INCLUDE_SYMMETRIC_ALGORITHMS PUBLISH_TO_DS AUTO_ENROLLMENT
    Signatures Required     : 0
    Extended Key Usage      : Directory Service Email Replication
    Permissions             :
      Owner                 : THERESERVE\Enterprise Admins
                              S-1-5-21-1255581842-1300659601-3764024703-519
      Access Rights         :
        Principal           : THERESERVE\Enterprise Read-only Domain Controllers
          Access mask       : 00000110
          Flags             : 00000001
                              Enrollment Rights
        Principal           : THERESERVE\Enterprise Read-only Domain Controllers
          Access mask       : 00000110
          Flags             : 00000001
                              Enrollment Rights
        Principal           : THERESERVE\Domain Admins
          Access mask       : 00000130
          Flags             : 00000001
                              Enrollment Rights
                              WriteProperty Rights
        Principal           : THERESERVE\Domain Controllers
          Access mask       : 00000130
          Flags             : 00000001
                              Enrollment Rights
                              WriteProperty Rights
        Principal           : THERESERVE\Enterprise Admins
          Access mask       : 00000130
          Flags             : 00000001
                              Enrollment Rights
                              WriteProperty Rights
        Principal           : THERESERVE\Domain Controllers
          Access mask       : 00000130
          Flags             : 00000001
                              Enrollment Rights
                              WriteProperty Rights
        Principal           : NT AUTHORITY\ENTERPRISE DOMAIN CONTROLLERS
          Access mask       : 00000130
          Flags             : 00000001
                              Enrollment Rights
                              WriteProperty Rights
        Principal           : NT AUTHORITY\ENTERPRISE DOMAIN CONTROLLERS
          Access mask       : 00000130
          Flags             : 00000001
                              Enrollment Rights
                              WriteProperty Rights
        Principal           : THERESERVE\Domain Admins
          Access mask       : 000F00FF
          Flags             : 00000501
                              WriteOwner Rights
                              WriteDacl Rights
                              WriteProperty Rights
        Principal           : THERESERVE\Enterprise Admins
          Access mask       : 000F00FF
          Flags             : 00000501
                              WriteOwner Rights
                              WriteDacl Rights
                              WriteProperty Rights
        Principal           : NT AUTHORITY\Authenticated Users
          Access mask       : 00020094
          Flags             : 00000101

    Template Name           : DomainControllerAuthentication
    Friendly Name           : Domain Controller Authentication
    Template OID            : 1.3.6.1.4.1.311.21.8.10818248.16391502.9850760.6619350.2588000.147.1.28
    Validity Period         : 1 years
    Renewal Period          : 6 weeks
    Name Flags              : SUBJECT_ALT_REQUIRE_DNS
    Enrollment Flags        : AUTO_ENROLLMENT
    Signatures Required     : 0
    Extended Key Usage      : Client Authentication, Server Authentication, Smart Card Logon
    Permissions             :
      Owner                 : THERESERVE\Enterprise Admins
                              S-1-5-21-1255581842-1300659601-3764024703-519
      Access Rights         :
        Principal           : THERESERVE\Enterprise Read-only Domain Controllers
          Access mask       : 00000110
          Flags             : 00000001
                              Enrollment Rights
        Principal           : THERESERVE\Enterprise Read-only Domain Controllers
          Access mask       : 00000110
          Flags             : 00000001
                              Enrollment Rights
        Principal           : THERESERVE\Domain Admins
          Access mask       : 00000130
          Flags             : 00000001
                              Enrollment Rights
                              WriteProperty Rights
        Principal           : THERESERVE\Domain Controllers
          Access mask       : 00000130
          Flags             : 00000001
                              Enrollment Rights
                              WriteProperty Rights
        Principal           : THERESERVE\Enterprise Admins
          Access mask       : 00000130
          Flags             : 00000001
                              Enrollment Rights
                              WriteProperty Rights
        Principal           : THERESERVE\Domain Controllers
          Access mask       : 00000130
          Flags             : 00000001
                              Enrollment Rights
                              WriteProperty Rights
        Principal           : NT AUTHORITY\ENTERPRISE DOMAIN CONTROLLERS
          Access mask       : 00000130
          Flags             : 00000001
                              Enrollment Rights
                              WriteProperty Rights
        Principal           : NT AUTHORITY\ENTERPRISE DOMAIN CONTROLLERS
          Access mask       : 00000130
          Flags             : 00000001
                              Enrollment Rights
                              WriteProperty Rights
        Principal           : THERESERVE\Domain Admins
          Access mask       : 000F00FF
          Flags             : 00000501
                              WriteOwner Rights
                              WriteDacl Rights
                              WriteProperty Rights
        Principal           : THERESERVE\Enterprise Admins
          Access mask       : 000F00FF
          Flags             : 00000501
                              WriteOwner Rights
                              WriteDacl Rights
                              WriteProperty Rights
        Principal           : NT AUTHORITY\Authenticated Users
          Access mask       : 00020094
          Flags             : 00000101

    Template Name           : KerberosAuthentication
    Friendly Name           : Kerberos Authentication
    Template OID            : 1.3.6.1.4.1.311.21.8.10818248.16391502.9850760.6619350.2588000.147.1.33
    Validity Period         : 1 years
    Renewal Period          : 6 weeks
    Name Flags              : SUBJECT_ALT_REQUIRE_DNS SUBJECT_ALT_REQUIRE_DOMAIN_DNS
    Enrollment Flags        : AUTO_ENROLLMENT
    Signatures Required     : 0
    Extended Key Usage      : Client Authentication, Server Authentication, Smart Card Logon, KDC Authentication
    Permissions             :
      Owner                 : THERESERVE\Enterprise Admins
                              S-1-5-21-1255581842-1300659601-3764024703-519
      Access Rights         :
        Principal           : THERESERVE\Enterprise Read-only Domain Controllers
          Access mask       : 00000110
          Flags             : 00000001
                              Enrollment Rights
        Principal           : THERESERVE\Enterprise Read-only Domain Controllers
          Access mask       : 00000110
          Flags             : 00000001
                              Enrollment Rights
        Principal           : THERESERVE\Domain Admins
          Access mask       : 00000130
          Flags             : 00000001
                              Enrollment Rights
                              WriteProperty Rights
        Principal           : THERESERVE\Domain Controllers
          Access mask       : 00000130
          Flags             : 00000001
                              Enrollment Rights
                              WriteProperty Rights
        Principal           : THERESERVE\Enterprise Admins
          Access mask       : 00000130
          Flags             : 00000001
                              Enrollment Rights
                              WriteProperty Rights
        Principal           : THERESERVE\Domain Controllers
          Access mask       : 00000130
          Flags             : 00000001
                              Enrollment Rights
                              WriteProperty Rights
        Principal           : NT AUTHORITY\ENTERPRISE DOMAIN CONTROLLERS
          Access mask       : 00000130
          Flags             : 00000001
                              Enrollment Rights
                              WriteProperty Rights
        Principal           : NT AUTHORITY\ENTERPRISE DOMAIN CONTROLLERS
          Access mask       : 00000130
          Flags             : 00000001
                              Enrollment Rights
                              WriteProperty Rights
        Principal           : THERESERVE\Domain Admins
          Access mask       : 000F00FF
          Flags             : 00000501
                              WriteOwner Rights
                              WriteDacl Rights
                              WriteProperty Rights
        Principal           : THERESERVE\Enterprise Admins
          Access mask       : 000F00FF
          Flags             : 00000501
                              WriteOwner Rights
                              WriteDacl Rights
                              WriteProperty Rights
        Principal           : NT AUTHORITY\Authenticated Users
          Access mask       : 00020094
          Flags             : 00000101

    Template Name           : EFSRecovery
    Friendly Name           : EFS Recovery Agent
    Template OID            : 1.3.6.1.4.1.311.21.8.10818248.16391502.9850760.6619350.2588000.147.1.8
    Validity Period         : 5 years
    Renewal Period          : 6 weeks
    Name Flags              : SUBJECT_REQUIRE_DIRECTORY_PATH SUBJECT_ALT_REQUIRE_UPN
    Enrollment Flags        : INCLUDE_SYMMETRIC_ALGORITHMS AUTO_ENROLLMENT
    Signatures Required     : 0
    Extended Key Usage      : File Recovery
    Permissions             :
      Owner                 : THERESERVE\Enterprise Admins
                              S-1-5-21-1255581842-1300659601-3764024703-519
      Access Rights         :
        Principal           : THERESERVE\Domain Admins
          Access mask       : 00000130
          Flags             : 00000001
                              Enrollment Rights
                              WriteProperty Rights
        Principal           : THERESERVE\Enterprise Admins
          Access mask       : 00000130
          Flags             : 00000001
                              Enrollment Rights
                              WriteProperty Rights
        Principal           : THERESERVE\Domain Admins
          Access mask       : 000F00FF
          Flags             : 00000501
                              WriteOwner Rights
                              WriteDacl Rights
                              WriteProperty Rights
        Principal           : THERESERVE\Enterprise Admins
          Access mask       : 000F00FF
          Flags             : 00000501
                              WriteOwner Rights
                              WriteDacl Rights
                              WriteProperty Rights
        Principal           : NT AUTHORITY\Authenticated Users
          Access mask       : 00020094
          Flags             : 00000101

    Template Name           : EFS
    Friendly Name           : Basic EFS
    Template OID            : 1.3.6.1.4.1.311.21.8.10818248.16391502.9850760.6619350.2588000.147.1.6
    Validity Period         : 1 years
    Renewal Period          : 6 weeks
    Name Flags              : SUBJECT_REQUIRE_DIRECTORY_PATH SUBJECT_ALT_REQUIRE_UPN
    Enrollment Flags        : INCLUDE_SYMMETRIC_ALGORITHMS PUBLISH_TO_DS AUTO_ENROLLMENT
    Signatures Required     : 0
    Extended Key Usage      : Encrypting File System
    Permissions             :
      Owner                 : THERESERVE\Enterprise Admins
                              S-1-5-21-1255581842-1300659601-3764024703-519
      Access Rights         :
        Principal           : THERESERVE\Domain Admins
          Access mask       : 00000130
          Flags             : 00000001
                              Enrollment Rights
                              WriteProperty Rights
        Principal           : THERESERVE\Domain Users
          Access mask       : 00000130
          Flags             : 00000001
                              Enrollment Rights
                              WriteProperty Rights
        Principal           : THERESERVE\Enterprise Admins
          Access mask       : 00000130
          Flags             : 00000001
                              Enrollment Rights
                              WriteProperty Rights
        Principal           : THERESERVE\Domain Admins
          Access mask       : 000F00FF
          Flags             : 00000501
                              WriteOwner Rights
                              WriteDacl Rights
                              WriteProperty Rights
        Principal           : THERESERVE\Enterprise Admins
          Access mask       : 000F00FF
          Flags             : 00000501
                              WriteOwner Rights
                              WriteDacl Rights
                              WriteProperty Rights
        Principal           : NT AUTHORITY\Authenticated Users
          Access mask       : 00020094
          Flags             : 00000101

    Template Name           : DomainController
    Friendly Name           : Domain Controller
    Template OID            : 1.3.6.1.4.1.311.21.8.10818248.16391502.9850760.6619350.2588000.147.1.15
    Validity Period         : 1 years
    Renewal Period          : 6 weeks
    Name Flags              : SUBJECT_REQUIRE_DNS_AS_CN SUBJECT_ALT_REQUIRE_DNS SUBJECT_ALT_REQUIRE_DIRECTORY_GUID
    Enrollment Flags        : INCLUDE_SYMMETRIC_ALGORITHMS PUBLISH_TO_DS AUTO_ENROLLMENT
    Signatures Required     : 0
    Extended Key Usage      : Client Authentication, Server Authentication
    Permissions             :
      Owner                 : THERESERVE\Enterprise Admins
                              S-1-5-21-1255581842-1300659601-3764024703-519
      Access Rights         :
        Principal           : THERESERVE\Enterprise Read-only Domain Controllers
          Access mask       : 00000110
          Flags             : 00000001
                              Enrollment Rights
        Principal           : THERESERVE\Domain Admins
          Access mask       : 00000130
          Flags             : 00000001
                              Enrollment Rights
                              WriteProperty Rights
        Principal           : THERESERVE\Domain Controllers
          Access mask       : 00000130
          Flags             : 00000001
                              Enrollment Rights
                              WriteProperty Rights
        Principal           : THERESERVE\Enterprise Admins
          Access mask       : 00000130
          Flags             : 00000001
                              Enrollment Rights
                              WriteProperty Rights
        Principal           : NT AUTHORITY\ENTERPRISE DOMAIN CONTROLLERS
          Access mask       : 00000130
          Flags             : 00000001
                              Enrollment Rights
                              WriteProperty Rights
        Principal           : THERESERVE\Domain Admins
          Access mask       : 000F00FF
          Flags             : 00000501
                              WriteOwner Rights
                              WriteDacl Rights
                              WriteProperty Rights
        Principal           : THERESERVE\Enterprise Admins
          Access mask       : 000F00FF
          Flags             : 00000501
                              WriteOwner Rights
                              WriteDacl Rights
                              WriteProperty Rights
        Principal           : NT AUTHORITY\Authenticated Users
          Access mask       : 00020094
          Flags             : 00000101

    Template Name           : WebServer
    Friendly Name           : Web Server
    Template OID            : 1.3.6.1.4.1.311.21.8.10818248.16391502.9850760.6619350.2588000.147.1.16
    Validity Period         : 2 years
    Renewal Period          : 6 weeks
    Name Flags              : ENROLLEE_SUPPLIES_SUBJECT
    Enrollment Flags        :
    Signatures Required     : 0
    Extended Key Usage      : Server Authentication
    Permissions             :
      Owner                 : THERESERVE\Enterprise Admins
                              S-1-5-21-1255581842-1300659601-3764024703-519
      Access Rights         :
        Principal           : THERESERVE\Domain Admins
          Access mask       : 00000130
          Flags             : 00000001
                              Enrollment Rights
                              WriteProperty Rights
        Principal           : THERESERVE\Enterprise Admins
          Access mask       : 00000130
          Flags             : 00000001
                              Enrollment Rights
                              WriteProperty Rights
        Principal           : THERESERVE\Domain Admins
          Access mask       : 000F00FF
          Flags             : 00000501
                              WriteOwner Rights
                              WriteDacl Rights
                              WriteProperty Rights
        Principal           : THERESERVE\Enterprise Admins
          Access mask       : 000F00FF
          Flags             : 00000501
                              WriteOwner Rights
                              WriteDacl Rights
                              WriteProperty Rights
        Principal           : NT AUTHORITY\Authenticated Users
          Access mask       : 00020094
          Flags             : 00000101

    Template Name           : Machine
    Friendly Name           : Computer
    Template OID            : 1.3.6.1.4.1.311.21.8.10818248.16391502.9850760.6619350.2588000.147.1.14
    Validity Period         : 1 years
    Renewal Period          : 6 weeks
    Name Flags              : SUBJECT_REQUIRE_DNS_AS_CN SUBJECT_ALT_REQUIRE_DNS
    Enrollment Flags        : AUTO_ENROLLMENT
    Signatures Required     : 0
    Extended Key Usage      : Client Authentication, Server Authentication
    Permissions             :
      Owner                 : THERESERVE\Enterprise Admins
                              S-1-5-21-1255581842-1300659601-3764024703-519
      Access Rights         :
        Principal           : THERESERVE\Domain Admins
          Access mask       : 00000130
          Flags             : 00000001
                              Enrollment Rights
                              WriteProperty Rights
        Principal           : THERESERVE\Domain Computers
          Access mask       : 00000130
          Flags             : 00000001
                              Enrollment Rights
                              WriteProperty Rights
        Principal           : THERESERVE\Enterprise Admins
          Access mask       : 00000130
          Flags             : 00000001
                              Enrollment Rights
                              WriteProperty Rights
        Principal           : THERESERVE\Domain Admins
          Access mask       : 000F00FF
          Flags             : 00000501
                              WriteOwner Rights
                              WriteDacl Rights
                              WriteProperty Rights
        Principal           : THERESERVE\Enterprise Admins
          Access mask       : 000F00FF
          Flags             : 00000501
                              WriteOwner Rights
                              WriteDacl Rights
                              WriteProperty Rights
        Principal           : NT AUTHORITY\Authenticated Users
          Access mask       : 00020094
          Flags             : 00000101

    Template Name           : User
    Friendly Name           : User
    Template OID            : 1.3.6.1.4.1.311.21.8.10818248.16391502.9850760.6619350.2588000.147.1.1
    Validity Period         : 1 years
    Renewal Period          : 6 weeks
    Name Flags              : SUBJECT_REQUIRE_DIRECTORY_PATH SUBJECT_REQUIRE_EMAIL SUBJECT_ALT_REQUIRE_EMAIL SUBJECT_ALT_REQUIRE_UPN
    Enrollment Flags        : INCLUDE_SYMMETRIC_ALGORITHMS PUBLISH_TO_DS AUTO_ENROLLMENT
    Signatures Required     : 0
    Extended Key Usage      : Encrypting File System, Secure Email, Client Authentication
    Permissions             :
      Owner                 : THERESERVE\Enterprise Admins
                              S-1-5-21-1255581842-1300659601-3764024703-519
      Access Rights         :
        Principal           : THERESERVE\Domain Admins
          Access mask       : 00000130
          Flags             : 00000001
                              Enrollment Rights
                              WriteProperty Rights
        Principal           : THERESERVE\Domain Users
          Access mask       : 00000130
          Flags             : 00000001
                              Enrollment Rights
                              WriteProperty Rights
        Principal           : THERESERVE\Enterprise Admins
          Access mask       : 00000130
          Flags             : 00000001
                              Enrollment Rights
                              WriteProperty Rights
        Principal           : THERESERVE\Domain Admins
          Access mask       : 000F00FF
          Flags             : 00000501
                              WriteOwner Rights
                              WriteDacl Rights
                              WriteProperty Rights
        Principal           : THERESERVE\Enterprise Admins
          Access mask       : 000F00FF
          Flags             : 00000501
                              WriteOwner Rights
                              WriteDacl Rights
                              WriteProperty Rights
        Principal           : NT AUTHORITY\Authenticated Users
          Access mask       : 00020094
          Flags             : 00000101

    Template Name           : SubCA
    Friendly Name           : Subordinate Certification Authority
    Template OID            : 1.3.6.1.4.1.311.21.8.10818248.16391502.9850760.6619350.2588000.147.1.18
    Validity Period         : 5 years
    Renewal Period          : 6 weeks
    Name Flags              : ENROLLEE_SUPPLIES_SUBJECT
    Enrollment Flags        :
    Signatures Required     : 0
    Extended Key Usage      : N/A
    Permissions             :
      Owner                 : THERESERVE\Enterprise Admins
                              S-1-5-21-1255581842-1300659601-3764024703-519
      Access Rights         :
        Principal           : THERESERVE\Domain Admins
          Access mask       : 00000130
          Flags             : 00000001
                              Enrollment Rights
                              WriteProperty Rights
        Principal           : THERESERVE\Enterprise Admins
          Access mask       : 00000130
          Flags             : 00000001
                              Enrollment Rights
                              WriteProperty Rights
        Principal           : THERESERVE\Domain Admins
          Access mask       : 000F00FF
          Flags             : 00000501
                              WriteOwner Rights
                              WriteDacl Rights
                              WriteProperty Rights
        Principal           : THERESERVE\Enterprise Admins
          Access mask       : 000F00FF
          Flags             : 00000501
                              WriteOwner Rights
                              WriteDacl Rights
                              WriteProperty Rights
        Principal           : NT AUTHORITY\Authenticated Users
          Access mask       : 00020094
          Flags             : 00000101

    Template Name           : Administrator
    Friendly Name           : Administrator
    Template OID            : 1.3.6.1.4.1.311.21.8.10818248.16391502.9850760.6619350.2588000.147.1.7
    Validity Period         : 1 years
    Renewal Period          : 6 weeks
    Name Flags              : SUBJECT_REQUIRE_DIRECTORY_PATH SUBJECT_REQUIRE_EMAIL SUBJECT_ALT_REQUIRE_EMAIL SUBJECT_ALT_REQUIRE_UPN
    Enrollment Flags        : INCLUDE_SYMMETRIC_ALGORITHMS PUBLISH_TO_DS AUTO_ENROLLMENT
    Signatures Required     : 0
    Extended Key Usage      : Microsoft Trust List Signing, Encrypting File System, Secure Email, Client Authentication
    Permissions             :
      Owner                 : THERESERVE\Enterprise Admins
                              S-1-5-21-1255581842-1300659601-3764024703-519
      Access Rights         :
        Principal           : THERESERVE\Domain Admins
          Access mask       : 00000130
          Flags             : 00000001
                              Enrollment Rights
                              WriteProperty Rights
        Principal           : THERESERVE\Enterprise Admins
          Access mask       : 00000130
          Flags             : 00000001
                              Enrollment Rights
                              WriteProperty Rights
        Principal           : THERESERVE\Domain Admins
          Access mask       : 000F00FF
          Flags             : 00000501
                              WriteOwner Rights
                              WriteDacl Rights
                              WriteProperty Rights
        Principal           : THERESERVE\Enterprise Admins
          Access mask       : 000F00FF
          Flags             : 00000501
                              WriteOwner Rights
                              WriteDacl Rights
                              WriteProperty Rights
        Principal           : NT AUTHORITY\Authenticated Users
          Access mask       : 00020094
          Flags             : 00000101


adcs_enum SUCCESS.
