Starting enum4linux v0.9.1 ( http://labs.portcullis.co.uk/application/enum4linux/ ) on Fri Apr 21 17:22:07 2023

[34m =========================================( [0m[32mTarget Information[0m[34m )=========================================

[0mTarget ........... 10.10.35.89
RID Range ........ 500-550,1000-1050
Username ......... ''
Password ......... ''
Known Usernames .. administrator, guest, krbtgt, domain admins, root, bin, none


[34m ============================( [0m[32mEnumerating Workgroup/Domain on 10.10.35.89[0m[34m )============================

[0m[33m
[+] [0m[32mGot domain/workgroup name: WORKGROUP

[0m
[34m ================================( [0m[32mNbtstat Information for 10.10.35.89[0m[34m )================================

[0mLooking up status of 10.10.35.89
	OPACITY         <00> -         B <ACTIVE>  Workstation Service
	OPACITY         <03> -         B <ACTIVE>  Messenger Service
	OPACITY         <20> -         B <ACTIVE>  File Server Service
	..__MSBROWSE__. <01> - <GROUP> B <ACTIVE>  Master Browser
	WORKGROUP       <00> - <GROUP> B <ACTIVE>  Domain/Workgroup Name
	WORKGROUP       <1d> -         B <ACTIVE>  Master Browser
	WORKGROUP       <1e> - <GROUP> B <ACTIVE>  Browser Service Elections

	MAC Address = 00-00-00-00-00-00

[34m ====================================( [0m[32mSession Check on 10.10.35.89[0m[34m )====================================

[0m[33m
[+] [0m[32mServer 10.10.35.89 allows sessions using username '', password ''

[0m
[34m =================================( [0m[32mGetting domain SID for 10.10.35.89[0m[34m )=================================

[0mDomain Name: WORKGROUP
Domain Sid: (NULL SID)
[33m
[+] [0m[32mCan't determine if host is part of domain or part of a workgroup

[0m
[34m ===================================( [0m[32mOS information on 10.10.35.89[0m[34m )===================================

[0m[33m
[E] [0m[31mCan't get OS info with smbclient

[0m[33m
[+] [0m[32mGot OS info for 10.10.35.89 from srvinfo: 
[0m	OPACITY        Wk Sv PrQ Unx NT SNT opacity server (Samba, Ubuntu)
	platform_id     :	500
	os version      :	6.1
	server type     :	0x809a03


[34m ========================================( [0m[32mUsers on 10.10.35.89[0m[34m )========================================

[0m

[34m ==================================( [0m[32mShare Enumeration on 10.10.35.89[0m[34m )==================================

[0msmbXcli_negprot_smb1_done: No compatible protocol selected by server.

	Sharename       Type      Comment
	---------       ----      -------
	print$          Disk      Printer Drivers
	IPC$            IPC       IPC Service (opacity server (Samba, Ubuntu))
Reconnecting with SMB1 for workgroup listing.
protocol negotiation failed: NT_STATUS_INVALID_NETWORK_RESPONSE
Unable to connect with SMB1 -- no workgroup available
[33m
[+] [0m[32mAttempting to map shares on 10.10.35.89

[0m//10.10.35.89/print$	[35mMapping: [0mDENIED[35m Listing: [0mN/A[35m Writing: [0mN/A
[33m
[E] [0m[31mCan't understand response:

[0mNT_STATUS_OBJECT_NAME_NOT_FOUND listing \*
//10.10.35.89/IPC$	[35mMapping: [0mN/A[35m Listing: [0mN/A[35m Writing: [0mN/A

[34m ============================( [0m[32mPassword Policy Information for 10.10.35.89[0m[34m )============================

[0m

[+] Attaching to 10.10.35.89 using a NULL share

[+] Trying protocol 139/SMB...

[+] Found domain(s):

	[+] OPACITY
	[+] Builtin

[+] Password Info for Domain: OPACITY

	[+] Minimum password length: 5
	[+] Password history length: None
	[+] Maximum password age: 37 days 6 hours 21 minutes 
	[+] Password Complexity Flags: 000000

		[+] Domain Refuse Password Change: 0
		[+] Domain Password Store Cleartext: 0
		[+] Domain Password Lockout Admins: 0
		[+] Domain Password No Clear Change: 0
		[+] Domain Password No Anon Change: 0
		[+] Domain Password Complex: 0

	[+] Minimum password age: None
	[+] Reset Account Lockout Counter: 30 minutes 
	[+] Locked Account Duration: 30 minutes 
	[+] Account Lockout Threshold: None
	[+] Forced Log off Time: 37 days 6 hours 21 minutes 


[33m
[+] [0m[32mRetieved partial password policy with rpcclient:


[0mPassword Complexity: Disabled
Minimum Password Length: 5


[34m =======================================( [0m[32mGroups on 10.10.35.89[0m[34m )=======================================

[0m[33m
[+] [0m[32mGetting builtin groups:

[0m[33m
[+] [0m[32m Getting builtin group memberships:

[0m[33m
[+] [0m[32m Getting local groups:

[0m[33m
[+] [0m[32m Getting local group memberships:

[0m[33m
[+] [0m[32m Getting domain groups:

[0m[33m
[+] [0m[32m Getting domain group memberships:

[0m
[34m ===================( [0m[32mUsers on 10.10.35.89 via RID cycling (RIDS: 500-550,1000-1050)[0m[34m )===================

[0m[33m
[I] [0m[36mFound new SID: 
[0mS-1-22-1
[33m
[I] [0m[36mFound new SID: 
[0mS-1-5-32
[33m
[I] [0m[36mFound new SID: 
[0mS-1-5-32
[33m
[I] [0m[36mFound new SID: 
[0mS-1-5-32
[33m
[I] [0m[36mFound new SID: 
[0mS-1-5-32
[33m
[+] [0m[32mEnumerating users using SID S-1-22-1 and logon username '', password ''

[0mS-1-22-1-1000 Unix User\sysadmin (Local User)
[33m
[+] [0m[32mEnumerating users using SID S-1-5-21-1327801453-43412457-3647261475 and logon username '', password ''

[0mS-1-5-21-1327801453-43412457-3647261475-501 OPACITY\nobody (Local User)
S-1-5-21-1327801453-43412457-3647261475-513 OPACITY\None (Domain Group)
[33m
[+] [0m[32mEnumerating users using SID S-1-5-32 and logon username '', password ''

[0mS-1-5-32-544 BUILTIN\Administrators (Local Group)
S-1-5-32-545 BUILTIN\Users (Local Group)
S-1-5-32-546 BUILTIN\Guests (Local Group)
S-1-5-32-547 BUILTIN\Power Users (Local Group)
S-1-5-32-548 BUILTIN\Account Operators (Local Group)
S-1-5-32-549 BUILTIN\Server Operators (Local Group)
S-1-5-32-550 BUILTIN\Print Operators (Local Group)

[34m ================================( [0m[32mGetting printer info for 10.10.35.89[0m[34m )================================

[0mNo printers returned.


enum4linux complete on Fri Apr 21 17:26:45 2023

