Proto Recv-Q Send-Q Local Address           Foreign Address         State       User       Inode      PID/Program name     Timer
tcp        0      0 127.0.0.53:53           0.0.0.0:*               LISTEN      101        34329      -                    off (0.00/0/0)
tcp        0      0 0.0.0.0:22              0.0.0.0:*               LISTEN      0          37158      -                    off (0.00/0/0)
tcp        0      0 0.0.0.0:80              0.0.0.0:*               LISTEN      1001       36211      -                    off (0.00/0/0)
tcp        0      1 10.129.198.137:33164    8.8.8.8:53              SYN_SENT    101        43719      -                    on (7.76/3/0)
tcp        0      0 10.129.198.137:80       10.10.14.40:60706       ESTABLISHED 1001       43720      -                    off (0.00/0/0)
tcp6       0      0 :::21                   :::*                    LISTEN      0          36883      -                    off (0.00/0/0)
tcp6       0      0 :::22                   :::*                    LISTEN      0          37160      -                    off (0.00/0/0)
udp        0      0 127.0.0.1:56867         127.0.0.53:53           ESTABLISHED 102        43718      -                    off (0.00/0/0)
udp        0      0 127.0.0.53:53           0.0.0.0:*                           101        34328      -                    off (0.00/0/0)
udp        0      0 0.0.0.0:68              0.0.0.0:*                           0          32598      -                    off (0.00/0/0)
Active UNIX domain sockets (servers and established)
Proto RefCnt Flags       Type       State         I-Node   PID/Program name     Path
unix  2      [ ACC ]     SEQPACKET  LISTENING     27858    -                    /run/udev/control
unix  2      [ ACC ]     STREAM     LISTENING     27842    -                    @/org/kernel/linux/storage/multipathd
unix  3      [ ]         DGRAM                    27826    -                    /run/systemd/notify
unix  2      [ ACC ]     STREAM     LISTENING     27829    -                    /run/systemd/private
unix  2      [ ACC ]     STREAM     LISTENING     27831    -                    /run/systemd/userdb/io.systemd.DynamicUser
unix  2      [ ACC ]     STREAM     LISTENING     27840    -                    /run/lvm/lvmpolld.socket
unix  2      [ ]         DGRAM                    27843    -                    /run/systemd/journal/syslog
unix  7      [ ]         DGRAM                    27851    -                    /run/systemd/journal/dev-log
unix  2      [ ACC ]     STREAM     LISTENING     27853    -                    /run/systemd/journal/stdout
unix  8      [ ]         DGRAM                    27855    -                    /run/systemd/journal/socket
unix  2      [ ACC ]     STREAM     LISTENING     27114    -                    /run/systemd/journal/io.systemd.journal
unix  2      [ ACC ]     STREAM     LISTENING     32624    -                    /run/dbus/system_bus_socket
unix  2      [ ACC ]     STREAM     LISTENING     31326    -                    /var/run/vmware/guestServicePipe
unix  2      [ ACC ]     STREAM     LISTENING     32630    -                    /run/snapd.socket
unix  2      [ ACC ]     STREAM     LISTENING     32632    -                    /run/snapd-snap.socket
unix  2      [ ACC ]     STREAM     LISTENING     32634    -                    /run/uuidd/request
unix  2      [ ACC ]     STREAM     LISTENING     33994    -                    /run/irqbalance//irqbalance1019.sock
unix  2      [ ACC ]     STREAM     LISTENING     32627    -                    @ISCSIADM_ABSTRACT_NAMESPACE
unix  2      [ ACC ]     STREAM     LISTENING     32628    -                    /var/snap/lxd/common/lxd/unix.socket
unix  3      [ ]         DGRAM                    31333    -
unix  3      [ ]         STREAM     CONNECTED     31060    -
unix  3      [ ]         STREAM     CONNECTED     34319    -
unix  3      [ ]         DGRAM                    28392    -
unix  3      [ ]         DGRAM                    31332    -
unix  2      [ ]         DGRAM                    28386    -
unix  3      [ ]         STREAM     CONNECTED     32750    -                    /run/systemd/journal/stdout
unix  3      [ ]         STREAM     CONNECTED     31355    -
unix  3      [ ]         STREAM     CONNECTED     35096    -
unix  3      [ ]         STREAM     CONNECTED     35098    -                    /run/dbus/system_bus_socket
unix  3      [ ]         STREAM     CONNECTED     27363    -
unix  3      [ ]         STREAM     CONNECTED     34612    -
unix  3      [ ]         STREAM     CONNECTED     32646    -
unix  3      [ ]         STREAM     CONNECTED     36881    -                    /run/systemd/journal/stdout
unix  3      [ ]         STREAM     CONNECTED     35397    -                    /run/dbus/system_bus_socket
unix  3      [ ]         STREAM     CONNECTED     35101    -                    /run/dbus/system_bus_socket
unix  3      [ ]         STREAM     CONNECTED     33933    -
unix  3      [ ]         DGRAM                    28391    -
unix  3      [ ]         STREAM     CONNECTED     33635    -
unix  3      [ ]         STREAM     CONNECTED     34613    -                    /run/systemd/journal/stdout
unix  3      [ ]         DGRAM                    28393    -
unix  3      [ ]         DGRAM                    31331    -
unix  3      [ ]         STREAM     CONNECTED     31496    -
unix  3      [ ]         STREAM     CONNECTED     32267    -
unix  3      [ ]         STREAM     CONNECTED     33855    -                    /run/systemd/journal/stdout
unix  3      [ ]         STREAM     CONNECTED     35099    -                    /run/dbus/system_bus_socket
unix  3      [ ]         STREAM     CONNECTED     32650    -                    /run/systemd/journal/stdout
unix  3      [ ]         STREAM     CONNECTED     31495    -
unix  3      [ ]         STREAM     CONNECTED     32663    -
unix  3      [ ]         STREAM     CONNECTED     33853    -
unix  2      [ ]         DGRAM                    31328    -
unix  3      [ ]         STREAM     CONNECTED     33791    -
unix  3      [ ]         STREAM     CONNECTED     35097    -                    /run/dbus/system_bus_socket
unix  2      [ ]         DGRAM                    27117    -
unix  3      [ ]         STREAM     CONNECTED     35396    -
unix  3      [ ]         STREAM     CONNECTED     28336    -                    /run/systemd/journal/stdout
unix  3      [ ]         STREAM     CONNECTED     35095    -
unix  3      [ ]         STREAM     CONNECTED     31169    -
unix  3      [ ]         DGRAM                    28394    -
unix  2      [ ]         DGRAM                    28272    -
unix  3      [ ]         STREAM     CONNECTED     27458    -
unix  3      [ ]         DGRAM                    31330    -
unix  2      [ ]         DGRAM                    35090    -
unix  2      [ ]         DGRAM                    35094    -
unix  3      [ ]         STREAM     CONNECTED     31850    -                    /run/systemd/journal/stdout
unix  2      [ ]         DGRAM                    31314    -
unix  3      [ ]         DGRAM                    27827    -
unix  3      [ ]         STREAM     CONNECTED     36880    -
unix  3      [ ]         DGRAM                    27828    -
unix  3      [ ]         STREAM     CONNECTED     35887    3191/sh
unix  3      [ ]         STREAM     CONNECTED     31354    -
unix  3      [ ]         STREAM     CONNECTED     27397    -                    /run/systemd/journal/stdout
unix  3      [ ]         STREAM     CONNECTED     33934    -                    /run/systemd/journal/stdout
unix  2      [ ]         DGRAM                    34324    -
unix  3      [ ]         STREAM     CONNECTED     32649    -                    /run/systemd/journal/stdout
unix  2      [ ]         DGRAM                    35760    -
unix  3      [ ]         STREAM     CONNECTED     35444    -                    /run/systemd/journal/stdout
unix  3      [ ]         STREAM     CONNECTED     35454    -                    /run/dbus/system_bus_socket
unix  3      [ ]         STREAM     CONNECTED     33854    -                    /run/systemd/journal/stdout
unix  3      [ ]         STREAM     CONNECTED     35418    -
unix  2      [ ]         DGRAM                    32314    -
unix  2      [ ]         DGRAM                    37737    -
unix  3      [ ]         STREAM     CONNECTED     36008    -
unix  3      [ ]         STREAM     CONNECTED     35419    -
unix  3      [ ]         DGRAM                    28262    -
unix  3      [ ]         STREAM     CONNECTED     37151    -                    /run/systemd/journal/stdout
unix  3      [ ]         STREAM     CONNECTED     35399    -                    /run/dbus/system_bus_socket
unix  2      [ ]         DGRAM                    28259    -
unix  3      [ ]         STREAM     CONNECTED     34327    -
unix  3      [ ]         STREAM     CONNECTED     35416    -                    /run/dbus/system_bus_socket
unix  2      [ ]         DGRAM                    34149    -
unix  3      [ ]         STREAM     CONNECTED     35415    -
unix  3      [ ]         STREAM     CONNECTED     32272    -                    /run/systemd/journal/stdout
unix  3      [ ]         STREAM     CONNECTED     29449    -                    /run/systemd/journal/stdout
unix  3      [ ]         STREAM     CONNECTED     30345    -
unix  3      [ ]         STREAM     CONNECTED     36882    -                    /run/systemd/journal/stdout
unix  3      [ ]         STREAM     CONNECTED     32273    -                    /run/systemd/journal/stdout
unix  3      [ ]         DGRAM                    28261    -
unix  3      [ ]         STREAM     CONNECTED     34157
