dnsenum VERSION:1.2.6
[1;34m
-----   absolute.htb   -----
[0m[1;31m

Host's addresses:
__________________

[0mabsolute.htb.                            600      IN    A        10.129.228.64
[1;31m

Name Servers:
______________

[0mdc.absolute.htb.                         3600     IN    A        10.129.228.64
[1;31m

Mail (MX) Servers:
___________________

[0m[1;31m

Trying Zone Transfers and getting Bind Versions:
_________________________________________________

[0m
Trying Zone Transfer for absolute.htb on dc.absolute.htb ... 
[1;31m

Brute forcing with /usr/share/seclists/Discovery/DNS/subdomains-top1million-5000.txt:
______________________________________________________________________________________

[0mdc.absolute.htb.                         3600     IN    A        10.129.228.64
gc._msdcs.absolute.htb.                  600      IN    A        10.129.228.64
domaindnszones.absolute.htb.             600      IN    A        10.129.228.64
forestdnszones.absolute.htb.             600      IN    A        10.129.228.64
[1;31m

absolute.htb class C netranges:
________________________________

[0m[1;31m

Performing reverse lookup on 0 ip addresses:
_____________________________________________

[0m
0 results out of 0 IP addresses.
[1;31m

absolute.htb ip blocks:
________________________

[0m
done.
