======== images/hero_1.jpg
ExifTool Version Number         : 12.63
File Name                       : hero_1.jpg
Directory                       : images
File Size                       : 407 kB
File Modification Date/Time     : 2022:06:07 20:45:20+01:00
File Access Date/Time           : 2023:07:12 21:57:21+01:00
File Inode Change Date/Time     : 2023:07:12 21:57:21+01:00
File Permissions                : -rw-r--r--
File Type                       : JPEG
File Type Extension             : jpg
MIME Type                       : image/jpeg
Exif Byte Order                 : Little-endian (Intel, II)
X Resolution                    : 72
Y Resolution                    : 72
Resolution Unit                 : inches
Artist                          : James Roberts
Y Cb Cr Positioning             : Centered
Quality                         : 60%
XMP Toolkit                     : Image::ExifTool 11.88
Author                          : James Roberts
Creator Tool                    : Adobe Photoshop CC 2018 Macintosh
Derived From Document ID        : 6413FD608B5C21D0939F910C0EFBBE44
Derived From Instance ID        : 6413FD608B5C21D0939F910C0EFBBE44
Document ID                     : xmp.did:887A47FA048811EA8574B646AF4FC464
Instance ID                     : xmp.iid:887A47F9048811EA8574B646AF4FC464
DCT Encode Version              : 100
APP14 Flags 0                   : [14], Encoded with Blend=1 downsampling
APP14 Flags 1                   : (none)
Color Transform                 : YCbCr
Image Width                     : 1900
Image Height                    : 1150
Encoding Process                : Baseline DCT, Huffman coding
Bits Per Sample                 : 8
Color Components                : 3
Y Cb Cr Sub Sampling            : YCbCr4:4:4 (1 1)
Image Size                      : 1900x1150
Megapixels                      : 2.2
======== images/hero_2.jpg
ExifTool Version Number         : 12.63
File Name                       : hero_2.jpg
Directory                       : images
File Size                       : 374 kB
File Modification Date/Time     : 2022:06:07 20:57:42+01:00
File Access Date/Time           : 2023:07:12 21:57:22+01:00
File Inode Change Date/Time     : 2023:07:12 21:57:22+01:00
File Permissions                : -rw-r--r--
File Type                       : JPEG
File Type Extension             : jpg
MIME Type                       : image/jpeg
Exif Byte Order                 : Little-endian (Intel, II)
Quality                         : 60%
XMP Toolkit                     : Image::ExifTool 11.88
Author                          : Michael Chaffrey
Creator Tool                    : Adobe Photoshop CC 2018 Macintosh
Derived From Document ID        : D96BDD92B5AA2296D431558F292FEFF2
Derived From Instance ID        : D96BDD92B5AA2296D431558F292FEFF2
Document ID                     : xmp.did:90080B67048811EA8574B646AF4FC464
Instance ID                     : xmp.iid:90080B66048811EA8574B646AF4FC464
DCT Encode Version              : 100
APP14 Flags 0                   : [14], Encoded with Blend=1 downsampling
APP14 Flags 1                   : (none)
Color Transform                 : YCbCr
Image Width                     : 1900
Image Height                    : 1150
Encoding Process                : Baseline DCT, Huffman coding
Bits Per Sample                 : 8
Color Components                : 3
Y Cb Cr Sub Sampling            : YCbCr4:4:4 (1 1)
Image Size                      : 1900x1150
Megapixels                      : 2.2
======== images/hero_3.jpg
ExifTool Version Number         : 12.63
File Name                       : hero_3.jpg
Directory                       : images
File Size                       : 381 kB
File Modification Date/Time     : 2022:06:07 20:57:46+01:00
File Access Date/Time           : 2023:07:12 21:57:22+01:00
File Inode Change Date/Time     : 2023:07:12 21:57:22+01:00
File Permissions                : -rw-r--r--
File Type                       : JPEG
File Type Extension             : jpg
MIME Type                       : image/jpeg
Exif Byte Order                 : Little-endian (Intel, II)
Quality                         : 60%
XMP Toolkit                     : Image::ExifTool 11.88
Author                          : Donald Klay
Creator Tool                    : Adobe Photoshop CC 2018 Macintosh
Derived From Document ID        : A4E8D5EA6B0FDC16C152F927E6EA3153
Derived From Instance ID        : A4E8D5EA6B0FDC16C152F927E6EA3153
Document ID                     : xmp.did:90080B6B048811EA8574B646AF4FC464
Instance ID                     : xmp.iid:90080B6A048811EA8574B646AF4FC464
DCT Encode Version              : 100
APP14 Flags 0                   : [14], Encoded with Blend=1 downsampling
APP14 Flags 1                   : (none)
Color Transform                 : YCbCr
Image Width                     : 1900
Image Height                    : 1150
Encoding Process                : Baseline DCT, Huffman coding
Bits Per Sample                 : 8
Color Components                : 3
Y Cb Cr Sub Sampling            : YCbCr4:4:4 (1 1)
Image Size                      : 1900x1150
Megapixels                      : 2.2
======== images/hero_4.jpg
ExifTool Version Number         : 12.63
File Name                       : hero_4.jpg
Directory                       : images
File Size                       : 2.1 MB
File Modification Date/Time     : 2022:06:07 20:58:02+01:00
File Access Date/Time           : 2023:07:12 21:57:24+01:00
File Inode Change Date/Time     : 2023:07:12 21:57:24+01:00
File Permissions                : -rw-r--r--
File Type                       : JPEG
File Type Extension             : jpg
MIME Type                       : image/jpeg
JFIF Version                    : 1.01
Resolution Unit                 : inches
X Resolution                    : 72
Y Resolution                    : 72
XMP Toolkit                     : Image::ExifTool 11.88
Author                          : Sarah Osvald
Profile CMM Type                : Linotronic
Profile Version                 : 2.1.0
Profile Class                   : Display Device Profile
Color Space Data                : RGB
Profile Connection Space        : XYZ
Profile Date Time               : 1998:02:09 06:49:00
Profile File Signature          : acsp
Primary Platform                : Microsoft Corporation
CMM Flags                       : Not Embedded, Independent
Device Manufacturer             : Hewlett-Packard
Device Model                    : sRGB
Device Attributes               : Reflective, Glossy, Positive, Color
Rendering Intent                : Perceptual
Connection Space Illuminant     : 0.9642 1 0.82491
Profile Creator                 : Hewlett-Packard
Profile ID                      : 0
Profile Copyright               : Copyright (c) 1998 Hewlett-Packard Company
Profile Description             : sRGB IEC61966-2.1
Media White Point               : 0.95045 1 1.08905
Media Black Point               : 0 0 0
Red Matrix Column               : 0.43607 0.22249 0.01392
Green Matrix Column             : 0.38515 0.71687 0.09708
Blue Matrix Column              : 0.14307 0.06061 0.7141
Device Mfg Desc                 : IEC http://www.iec.ch
Device Model Desc               : IEC 61966-2.1 Default RGB colour space - sRGB
Viewing Cond Desc               : Reference Viewing Condition in IEC61966-2.1
Viewing Cond Illuminant         : 19.6445 20.3718 16.8089
Viewing Cond Surround           : 3.92889 4.07439 3.36179
Viewing Cond Illuminant Type    : D50
Luminance                       : 76.03647 80 87.12462
Measurement Observer            : CIE 1931
Measurement Backing             : 0 0 0
Measurement Geometry            : Unknown
Measurement Flare               : 0.999%
Measurement Illuminant          : D65
Technology                      : Cathode Ray Tube Display
Red Tone Reproduction Curve     : (Binary data 2060 bytes, use -b option to extract)
Green Tone Reproduction Curve   : (Binary data 2060 bytes, use -b option to extract)
Blue Tone Reproduction Curve    : (Binary data 2060 bytes, use -b option to extract)
Image Width                     : 3453
Image Height                    : 5180
Encoding Process                : Progressive DCT, Huffman coding
Bits Per Sample                 : 8
Color Components                : 3
Y Cb Cr Sub Sampling            : YCbCr4:2:0 (2 2)
Image Size                      : 3453x5180
Megapixels                      : 17.9
======== images/hero_5.jpg
ExifTool Version Number         : 12.63
File Name                       : hero_5.jpg
Directory                       : images
File Size                       : 1835 kB
File Modification Date/Time     : 2022:06:07 20:58:08+01:00
File Access Date/Time           : 2023:07:12 21:57:25+01:00
File Inode Change Date/Time     : 2023:07:12 21:57:25+01:00
File Permissions                : -rw-r--r--
File Type                       : JPEG
File Type Extension             : jpg
MIME Type                       : image/jpeg
JFIF Version                    : 1.01
Resolution Unit                 : inches
X Resolution                    : 72
Y Resolution                    : 72
XMP Toolkit                     : Image::ExifTool 11.88
Author                          : Jeffer Robinson
Profile CMM Type                : Linotronic
Profile Version                 : 2.1.0
Profile Class                   : Display Device Profile
Color Space Data                : RGB
Profile Connection Space        : XYZ
Profile Date Time               : 1998:02:09 06:49:00
Profile File Signature          : acsp
Primary Platform                : Microsoft Corporation
CMM Flags                       : Not Embedded, Independent
Device Manufacturer             : Hewlett-Packard
Device Model                    : sRGB
Device Attributes               : Reflective, Glossy, Positive, Color
Rendering Intent                : Perceptual
Connection Space Illuminant     : 0.9642 1 0.82491
Profile Creator                 : Hewlett-Packard
Profile ID                      : 0
Profile Copyright               : Copyright (c) 1998 Hewlett-Packard Company
Profile Description             : sRGB IEC61966-2.1
Media White Point               : 0.95045 1 1.08905
Media Black Point               : 0 0 0
Red Matrix Column               : 0.43607 0.22249 0.01392
Green Matrix Column             : 0.38515 0.71687 0.09708
Blue Matrix Column              : 0.14307 0.06061 0.7141
Device Mfg Desc                 : IEC http://www.iec.ch
Device Model Desc               : IEC 61966-2.1 Default RGB colour space - sRGB
Viewing Cond Desc               : Reference Viewing Condition in IEC61966-2.1
Viewing Cond Illuminant         : 19.6445 20.3718 16.8089
Viewing Cond Surround           : 3.92889 4.07439 3.36179
Viewing Cond Illuminant Type    : D50
Luminance                       : 76.03647 80 87.12462
Measurement Observer            : CIE 1931
Measurement Backing             : 0 0 0
Measurement Geometry            : Unknown
Measurement Flare               : 0.999%
Measurement Illuminant          : D65
Technology                      : Cathode Ray Tube Display
Red Tone Reproduction Curve     : (Binary data 2060 bytes, use -b option to extract)
Green Tone Reproduction Curve   : (Binary data 2060 bytes, use -b option to extract)
Blue Tone Reproduction Curve    : (Binary data 2060 bytes, use -b option to extract)
Image Width                     : 3096
Image Height                    : 4128
Encoding Process                : Progressive DCT, Huffman coding
Bits Per Sample                 : 8
Color Components                : 3
Y Cb Cr Sub Sampling            : YCbCr4:2:0 (2 2)
Image Size                      : 3096x4128
Megapixels                      : 12.8
======== images/hero_6.jpg
ExifTool Version Number         : 12.63
File Name                       : hero_6.jpg
Directory                       : images
File Size                       : 5.5 MB
File Modification Date/Time     : 2022:06:07 20:58:32+01:00
File Access Date/Time           : 2023:07:12 21:57:29+01:00
File Inode Change Date/Time     : 2023:07:12 21:57:29+01:00
File Permissions                : -rw-r--r--
File Type                       : JPEG
File Type Extension             : jpg
MIME Type                       : image/jpeg
JFIF Version                    : 1.01
Resolution Unit                 : inches
X Resolution                    : 72
Y Resolution                    : 72
XMP Toolkit                     : Image::ExifTool 11.88
Author                          : Nicole Smith
Profile CMM Type                : Linotronic
Profile Version                 : 2.1.0
Profile Class                   : Display Device Profile
Color Space Data                : RGB
Profile Connection Space        : XYZ
Profile Date Time               : 1998:02:09 06:49:00
Profile File Signature          : acsp
Primary Platform                : Microsoft Corporation
CMM Flags                       : Not Embedded, Independent
Device Manufacturer             : Hewlett-Packard
Device Model                    : sRGB
Device Attributes               : Reflective, Glossy, Positive, Color
Rendering Intent                : Perceptual
Connection Space Illuminant     : 0.9642 1 0.82491
Profile Creator                 : Hewlett-Packard
Profile ID                      : 0
Profile Copyright               : Copyright (c) 1998 Hewlett-Packard Company
Profile Description             : sRGB IEC61966-2.1
Media White Point               : 0.95045 1 1.08905
Media Black Point               : 0 0 0
Red Matrix Column               : 0.43607 0.22249 0.01392
Green Matrix Column             : 0.38515 0.71687 0.09708
Blue Matrix Column              : 0.14307 0.06061 0.7141
Device Mfg Desc                 : IEC http://www.iec.ch
Device Model Desc               : IEC 61966-2.1 Default RGB colour space - sRGB
Viewing Cond Desc               : Reference Viewing Condition in IEC61966-2.1
Viewing Cond Illuminant         : 19.6445 20.3718 16.8089
Viewing Cond Surround           : 3.92889 4.07439 3.36179
Viewing Cond Illuminant Type    : D50
Luminance                       : 76.03647 80 87.12462
Measurement Observer            : CIE 1931
Measurement Backing             : 0 0 0
Measurement Geometry            : Unknown
Measurement Flare               : 0.999%
Measurement Illuminant          : D65
Technology                      : Cathode Ray Tube Display
Red Tone Reproduction Curve     : (Binary data 2060 bytes, use -b option to extract)
Green Tone Reproduction Curve   : (Binary data 2060 bytes, use -b option to extract)
Blue Tone Reproduction Curve    : (Binary data 2060 bytes, use -b option to extract)
Image Width                     : 2961
Image Height                    : 4451
Encoding Process                : Progressive DCT, Huffman coding
Bits Per Sample                 : 8
Color Components                : 3
Y Cb Cr Sub Sampling            : YCbCr4:2:0 (2 2)
Image Size                      : 2961x4451
Megapixels                      : 13.2
    6 image files read
